connecté à la base de donnée
bot opérationnel
[ RowDataPacket { enabled: 1 } ]
[ RowDataPacket { enabled: 1 } ]
Tue Oct 20 2020 08:29:18 GMT+0000 (Coordinated Universal Time)
Tue Oct 20 2020 08:59:18 GMT+0000 (Coordinated Universal Time)
Tue Oct 20 2020 09:29:18 GMT+0000 (Coordinated Universal Time)
Tue Oct 20 2020 09:59:18 GMT+0000 (Coordinated Universal Time)
Tue Oct 20 2020 10:29:18 GMT+0000 (Coordinated Universal Time)
Tue Oct 20 2020 10:59:18 GMT+0000 (Coordinated Universal Time)
Tue Oct 20 2020 11:29:18 GMT+0000 (Coordinated Universal Time)
Tue Oct 20 2020 11:59:18 GMT+0000 (Coordinated Universal Time)
Tue Oct 20 2020 12:29:18 GMT+0000 (Coordinated Universal Time)
Tue Oct 20 2020 12:59:18 GMT+0000 (Coordinated Universal Time)
Tue Oct 20 2020 13:29:18 GMT+0000 (Coordinated Universal Time)
Tue Oct 20 2020 13:59:18 GMT+0000 (Coordinated Universal Time)
Tue Oct 20 2020 14:29:18 GMT+0000 (Coordinated Universal Time)
Tue Oct 20 2020 14:59:18 GMT+0000 (Coordinated Universal Time)
[ RowDataPacket { enabled: 1 } ]
Tue Oct 20 2020 15:29:18 GMT+0000 (Coordinated Universal Time)
Tue Oct 20 2020 15:59:18 GMT+0000 (Coordinated Universal Time)
Tue Oct 20 2020 16:29:18 GMT+0000 (Coordinated Universal Time)
Tue Oct 20 2020 16:59:18 GMT+0000 (Coordinated Universal Time)
Tue Oct 20 2020 17:29:18 GMT+0000 (Coordinated Universal Time)
Tue Oct 20 2020 17:59:18 GMT+0000 (Coordinated Universal Time)
Tue Oct 20 2020 18:29:18 GMT+0000 (Coordinated Universal Time)
Tue Oct 20 2020 18:59:18 GMT+0000 (Coordinated Universal Time)
Tue Oct 20 2020 19:29:18 GMT+0000 (Coordinated Universal Time)
Tue Oct 20 2020 19:59:18 GMT+0000 (Coordinated Universal Time)
Tue Oct 20 2020 20:29:18 GMT+0000 (Coordinated Universal Time)
Tue Oct 20 2020 20:59:18 GMT+0000 (Coordinated Universal Time)
Tue Oct 20 2020 21:29:18 GMT+0000 (Coordinated Universal Time)
Tue Oct 20 2020 21:59:18 GMT+0000 (Coordinated Universal Time)
Tue Oct 20 2020 22:29:18 GMT+0000 (Coordinated Universal Time)
Tue Oct 20 2020 22:59:18 GMT+0000 (Coordinated Universal Time)
Tue Oct 20 2020 23:29:18 GMT+0000 (Coordinated Universal Time)
Tue Oct 20 2020 23:59:18 GMT+0000 (Coordinated Universal Time)
Wed Oct 21 2020 00:29:18 GMT+0000 (Coordinated Universal Time)
Wed Oct 21 2020 00:59:18 GMT+0000 (Coordinated Universal Time)
Wed Oct 21 2020 01:29:18 GMT+0000 (Coordinated Universal Time)
Wed Oct 21 2020 01:59:18 GMT+0000 (Coordinated Universal Time)
Wed Oct 21 2020 02:29:18 GMT+0000 (Coordinated Universal Time)
Wed Oct 21 2020 02:59:18 GMT+0000 (Coordinated Universal Time)
Wed Oct 21 2020 03:29:18 GMT+0000 (Coordinated Universal Time)
Wed Oct 21 2020 03:59:18 GMT+0000 (Coordinated Universal Time)
Wed Oct 21 2020 04:29:18 GMT+0000 (Coordinated Universal Time)
Wed Oct 21 2020 04:59:18 GMT+0000 (Coordinated Universal Time)
Wed Oct 21 2020 05:29:18 GMT+0000 (Coordinated Universal Time)
Wed Oct 21 2020 05:59:18 GMT+0000 (Coordinated Universal Time)
Wed Oct 21 2020 06:29:18 GMT+0000 (Coordinated Universal Time)
Wed Oct 21 2020 06:59:18 GMT+0000 (Coordinated Universal Time)
Wed Oct 21 2020 07:29:18 GMT+0000 (Coordinated Universal Time)
Wed Oct 21 2020 07:59:18 GMT+0000 (Coordinated Universal Time)
Wed Oct 21 2020 08:29:18 GMT+0000 (Coordinated Universal Time)
Wed Oct 21 2020 08:59:18 GMT+0000 (Coordinated Universal Time)
Wed Oct 21 2020 09:29:18 GMT+0000 (Coordinated Universal Time)
Wed Oct 21 2020 09:59:18 GMT+0000 (Coordinated Universal Time)
Wed Oct 21 2020 10:29:18 GMT+0000 (Coordinated Universal Time)
Wed Oct 21 2020 10:59:18 GMT+0000 (Coordinated Universal Time)
Wed Oct 21 2020 11:29:18 GMT+0000 (Coordinated Universal Time)
Wed Oct 21 2020 11:59:18 GMT+0000 (Coordinated Universal Time)
Wed Oct 21 2020 12:29:18 GMT+0000 (Coordinated Universal Time)
Wed Oct 21 2020 12:59:18 GMT+0000 (Coordinated Universal Time)
Wed Oct 21 2020 13:29:18 GMT+0000 (Coordinated Universal Time)
Wed Oct 21 2020 13:59:18 GMT+0000 (Coordinated Universal Time)
Wed Oct 21 2020 14:29:18 GMT+0000 (Coordinated Universal Time)
Wed Oct 21 2020 14:59:18 GMT+0000 (Coordinated Universal Time)
Wed Oct 21 2020 15:29:18 GMT+0000 (Coordinated Universal Time)
Wed Oct 21 2020 15:59:18 GMT+0000 (Coordinated Universal Time)
Wed Oct 21 2020 16:29:18 GMT+0000 (Coordinated Universal Time)
Wed Oct 21 2020 16:59:18 GMT+0000 (Coordinated Universal Time)
Wed Oct 21 2020 17:29:18 GMT+0000 (Coordinated Universal Time)
Wed Oct 21 2020 17:59:18 GMT+0000 (Coordinated Universal Time)
Wed Oct 21 2020 18:29:18 GMT+0000 (Coordinated Universal Time)
Wed Oct 21 2020 18:59:18 GMT+0000 (Coordinated Universal Time)
Wed Oct 21 2020 19:29:18 GMT+0000 (Coordinated Universal Time)
Wed Oct 21 2020 19:59:18 GMT+0000 (Coordinated Universal Time)
Wed Oct 21 2020 20:29:18 GMT+0000 (Coordinated Universal Time)
Wed Oct 21 2020 20:59:18 GMT+0000 (Coordinated Universal Time)
Wed Oct 21 2020 21:29:18 GMT+0000 (Coordinated Universal Time)
Wed Oct 21 2020 21:59:18 GMT+0000 (Coordinated Universal Time)
Wed Oct 21 2020 22:29:18 GMT+0000 (Coordinated Universal Time)
Wed Oct 21 2020 22:59:18 GMT+0000 (Coordinated Universal Time)
Wed Oct 21 2020 23:29:18 GMT+0000 (Coordinated Universal Time)
Wed Oct 21 2020 23:59:18 GMT+0000 (Coordinated Universal Time)
Thu Oct 22 2020 00:29:18 GMT+0000 (Coordinated Universal Time)
Thu Oct 22 2020 00:59:18 GMT+0000 (Coordinated Universal Time)
Thu Oct 22 2020 01:29:18 GMT+0000 (Coordinated Universal Time)
Thu Oct 22 2020 01:59:18 GMT+0000 (Coordinated Universal Time)
Thu Oct 22 2020 02:29:18 GMT+0000 (Coordinated Universal Time)
Thu Oct 22 2020 02:59:18 GMT+0000 (Coordinated Universal Time)
Thu Oct 22 2020 03:29:18 GMT+0000 (Coordinated Universal Time)
Thu Oct 22 2020 03:59:18 GMT+0000 (Coordinated Universal Time)
Thu Oct 22 2020 04:29:18 GMT+0000 (Coordinated Universal Time)
Thu Oct 22 2020 04:59:18 GMT+0000 (Coordinated Universal Time)
Thu Oct 22 2020 05:29:18 GMT+0000 (Coordinated Universal Time)
Thu Oct 22 2020 05:59:18 GMT+0000 (Coordinated Universal Time)
Thu Oct 22 2020 06:29:18 GMT+0000 (Coordinated Universal Time)
Thu Oct 22 2020 06:59:18 GMT+0000 (Coordinated Universal Time)
Thu Oct 22 2020 07:29:18 GMT+0000 (Coordinated Universal Time)
Thu Oct 22 2020 07:59:18 GMT+0000 (Coordinated Universal Time)
Thu Oct 22 2020 08:29:18 GMT+0000 (Coordinated Universal Time)
Thu Oct 22 2020 08:59:18 GMT+0000 (Coordinated Universal Time)
Thu Oct 22 2020 09:29:18 GMT+0000 (Coordinated Universal Time)
Thu Oct 22 2020 09:59:18 GMT+0000 (Coordinated Universal Time)
Thu Oct 22 2020 10:29:18 GMT+0000 (Coordinated Universal Time)
Thu Oct 22 2020 10:59:18 GMT+0000 (Coordinated Universal Time)
Thu Oct 22 2020 11:29:18 GMT+0000 (Coordinated Universal Time)
Thu Oct 22 2020 11:59:18 GMT+0000 (Coordinated Universal Time)
Thu Oct 22 2020 12:29:18 GMT+0000 (Coordinated Universal Time)
Thu Oct 22 2020 12:59:19 GMT+0000 (Coordinated Universal Time)
Thu Oct 22 2020 13:29:19 GMT+0000 (Coordinated Universal Time)
Thu Oct 22 2020 13:59:19 GMT+0000 (Coordinated Universal Time)
Thu Oct 22 2020 14:29:19 GMT+0000 (Coordinated Universal Time)
Thu Oct 22 2020 14:59:19 GMT+0000 (Coordinated Universal Time)
Thu Oct 22 2020 15:29:19 GMT+0000 (Coordinated Universal Time)
Thu Oct 22 2020 15:59:19 GMT+0000 (Coordinated Universal Time)
Thu Oct 22 2020 16:29:19 GMT+0000 (Coordinated Universal Time)
Thu Oct 22 2020 16:59:19 GMT+0000 (Coordinated Universal Time)
Thu Oct 22 2020 17:29:19 GMT+0000 (Coordinated Universal Time)
Thu Oct 22 2020 17:59:19 GMT+0000 (Coordinated Universal Time)
Thu Oct 22 2020 18:29:19 GMT+0000 (Coordinated Universal Time)
Thu Oct 22 2020 18:59:19 GMT+0000 (Coordinated Universal Time)
Thu Oct 22 2020 19:29:19 GMT+0000 (Coordinated Universal Time)
Thu Oct 22 2020 19:59:19 GMT+0000 (Coordinated Universal Time)
Thu Oct 22 2020 20:29:19 GMT+0000 (Coordinated Universal Time)
Thu Oct 22 2020 20:59:19 GMT+0000 (Coordinated Universal Time)
Thu Oct 22 2020 21:29:19 GMT+0000 (Coordinated Universal Time)
Thu Oct 22 2020 21:59:19 GMT+0000 (Coordinated Universal Time)
Thu Oct 22 2020 22:29:19 GMT+0000 (Coordinated Universal Time)
Thu Oct 22 2020 22:59:19 GMT+0000 (Coordinated Universal Time)
Thu Oct 22 2020 23:29:19 GMT+0000 (Coordinated Universal Time)
Thu Oct 22 2020 23:59:19 GMT+0000 (Coordinated Universal Time)
Fri Oct 23 2020 00:29:19 GMT+0000 (Coordinated Universal Time)
Fri Oct 23 2020 00:59:19 GMT+0000 (Coordinated Universal Time)
Fri Oct 23 2020 01:29:19 GMT+0000 (Coordinated Universal Time)
Fri Oct 23 2020 01:59:19 GMT+0000 (Coordinated Universal Time)
Fri Oct 23 2020 02:29:19 GMT+0000 (Coordinated Universal Time)
Fri Oct 23 2020 02:59:19 GMT+0000 (Coordinated Universal Time)
Fri Oct 23 2020 03:29:19 GMT+0000 (Coordinated Universal Time)
Fri Oct 23 2020 03:59:19 GMT+0000 (Coordinated Universal Time)
Fri Oct 23 2020 04:29:19 GMT+0000 (Coordinated Universal Time)
Fri Oct 23 2020 04:59:19 GMT+0000 (Coordinated Universal Time)
Fri Oct 23 2020 05:29:19 GMT+0000 (Coordinated Universal Time)
Fri Oct 23 2020 05:59:19 GMT+0000 (Coordinated Universal Time)
Fri Oct 23 2020 06:29:19 GMT+0000 (Coordinated Universal Time)
Fri Oct 23 2020 06:59:19 GMT+0000 (Coordinated Universal Time)
Fri Oct 23 2020 07:29:19 GMT+0000 (Coordinated Universal Time)
Fri Oct 23 2020 07:59:19 GMT+0000 (Coordinated Universal Time)
Fri Oct 23 2020 08:29:19 GMT+0000 (Coordinated Universal Time)
Fri Oct 23 2020 08:59:19 GMT+0000 (Coordinated Universal Time)
Fri Oct 23 2020 09:29:19 GMT+0000 (Coordinated Universal Time)
Fri Oct 23 2020 09:59:19 GMT+0000 (Coordinated Universal Time)
Fri Oct 23 2020 10:29:19 GMT+0000 (Coordinated Universal Time)
Fri Oct 23 2020 10:59:19 GMT+0000 (Coordinated Universal Time)
Fri Oct 23 2020 11:29:19 GMT+0000 (Coordinated Universal Time)
Fri Oct 23 2020 11:59:19 GMT+0000 (Coordinated Universal Time)
Fri Oct 23 2020 12:29:19 GMT+0000 (Coordinated Universal Time)
Fri Oct 23 2020 12:59:19 GMT+0000 (Coordinated Universal Time)
Fri Oct 23 2020 13:29:19 GMT+0000 (Coordinated Universal Time)
Fri Oct 23 2020 13:59:19 GMT+0000 (Coordinated Universal Time)
Fri Oct 23 2020 14:29:19 GMT+0000 (Coordinated Universal Time)
Fri Oct 23 2020 14:59:19 GMT+0000 (Coordinated Universal Time)
Fri Oct 23 2020 15:29:19 GMT+0000 (Coordinated Universal Time)
Fri Oct 23 2020 15:59:19 GMT+0000 (Coordinated Universal Time)
Fri Oct 23 2020 16:29:19 GMT+0000 (Coordinated Universal Time)
Fri Oct 23 2020 16:59:19 GMT+0000 (Coordinated Universal Time)
Fri Oct 23 2020 17:29:19 GMT+0000 (Coordinated Universal Time)
Fri Oct 23 2020 17:59:19 GMT+0000 (Coordinated Universal Time)
Fri Oct 23 2020 18:29:19 GMT+0000 (Coordinated Universal Time)
Fri Oct 23 2020 18:59:19 GMT+0000 (Coordinated Universal Time)
Fri Oct 23 2020 19:29:19 GMT+0000 (Coordinated Universal Time)
Fri Oct 23 2020 19:59:19 GMT+0000 (Coordinated Universal Time)
Fri Oct 23 2020 20:29:19 GMT+0000 (Coordinated Universal Time)
Fri Oct 23 2020 20:59:19 GMT+0000 (Coordinated Universal Time)
Fri Oct 23 2020 21:29:19 GMT+0000 (Coordinated Universal Time)
Fri Oct 23 2020 21:59:19 GMT+0000 (Coordinated Universal Time)
Fri Oct 23 2020 22:29:19 GMT+0000 (Coordinated Universal Time)
Fri Oct 23 2020 22:59:19 GMT+0000 (Coordinated Universal Time)
Fri Oct 23 2020 23:29:19 GMT+0000 (Coordinated Universal Time)
Fri Oct 23 2020 23:59:19 GMT+0000 (Coordinated Universal Time)
Sat Oct 24 2020 00:29:19 GMT+0000 (Coordinated Universal Time)
Sat Oct 24 2020 00:59:19 GMT+0000 (Coordinated Universal Time)
Sat Oct 24 2020 01:29:19 GMT+0000 (Coordinated Universal Time)
Sat Oct 24 2020 01:59:19 GMT+0000 (Coordinated Universal Time)
Sat Oct 24 2020 02:29:19 GMT+0000 (Coordinated Universal Time)
Sat Oct 24 2020 02:59:19 GMT+0000 (Coordinated Universal Time)
Sat Oct 24 2020 03:29:19 GMT+0000 (Coordinated Universal Time)
Sat Oct 24 2020 03:59:19 GMT+0000 (Coordinated Universal Time)
Sat Oct 24 2020 04:29:19 GMT+0000 (Coordinated Universal Time)
Sat Oct 24 2020 04:59:19 GMT+0000 (Coordinated Universal Time)
Sat Oct 24 2020 05:29:19 GMT+0000 (Coordinated Universal Time)
Sat Oct 24 2020 05:59:19 GMT+0000 (Coordinated Universal Time)
Sat Oct 24 2020 06:29:19 GMT+0000 (Coordinated Universal Time)
Sat Oct 24 2020 06:59:19 GMT+0000 (Coordinated Universal Time)
Sat Oct 24 2020 07:29:19 GMT+0000 (Coordinated Universal Time)
Sat Oct 24 2020 07:59:19 GMT+0000 (Coordinated Universal Time)
Sat Oct 24 2020 08:29:19 GMT+0000 (Coordinated Universal Time)
Sat Oct 24 2020 08:59:19 GMT+0000 (Coordinated Universal Time)
Sat Oct 24 2020 09:29:19 GMT+0000 (Coordinated Universal Time)
Sat Oct 24 2020 09:59:19 GMT+0000 (Coordinated Universal Time)
Sat Oct 24 2020 10:29:19 GMT+0000 (Coordinated Universal Time)
Sat Oct 24 2020 10:59:19 GMT+0000 (Coordinated Universal Time)
Sat Oct 24 2020 11:29:19 GMT+0000 (Coordinated Universal Time)
Sat Oct 24 2020 11:59:19 GMT+0000 (Coordinated Universal Time)
Sat Oct 24 2020 12:29:19 GMT+0000 (Coordinated Universal Time)
Sat Oct 24 2020 12:59:19 GMT+0000 (Coordinated Universal Time)
Sat Oct 24 2020 13:29:19 GMT+0000 (Coordinated Universal Time)
Sat Oct 24 2020 13:59:19 GMT+0000 (Coordinated Universal Time)
Sat Oct 24 2020 14:29:19 GMT+0000 (Coordinated Universal Time)
Sat Oct 24 2020 14:59:19 GMT+0000 (Coordinated Universal Time)
Sat Oct 24 2020 15:29:19 GMT+0000 (Coordinated Universal Time)
Sat Oct 24 2020 15:59:19 GMT+0000 (Coordinated Universal Time)
Sat Oct 24 2020 16:29:19 GMT+0000 (Coordinated Universal Time)
Sat Oct 24 2020 16:59:19 GMT+0000 (Coordinated Universal Time)
Sat Oct 24 2020 17:29:19 GMT+0000 (Coordinated Universal Time)
Sat Oct 24 2020 17:59:19 GMT+0000 (Coordinated Universal Time)
Sat Oct 24 2020 18:29:19 GMT+0000 (Coordinated Universal Time)
Sat Oct 24 2020 18:59:19 GMT+0000 (Coordinated Universal Time)
Sat Oct 24 2020 19:29:19 GMT+0000 (Coordinated Universal Time)
Sat Oct 24 2020 19:59:19 GMT+0000 (Coordinated Universal Time)
Sat Oct 24 2020 20:29:19 GMT+0000 (Coordinated Universal Time)
Sat Oct 24 2020 20:59:19 GMT+0000 (Coordinated Universal Time)
Sat Oct 24 2020 21:29:19 GMT+0000 (Coordinated Universal Time)
Sat Oct 24 2020 21:59:19 GMT+0000 (Coordinated Universal Time)
Sat Oct 24 2020 22:29:19 GMT+0000 (Coordinated Universal Time)
Sat Oct 24 2020 22:59:19 GMT+0000 (Coordinated Universal Time)
Sat Oct 24 2020 23:29:19 GMT+0000 (Coordinated Universal Time)
Sat Oct 24 2020 23:59:19 GMT+0000 (Coordinated Universal Time)
Sun Oct 25 2020 00:29:19 GMT+0000 (Coordinated Universal Time)
Sun Oct 25 2020 00:59:19 GMT+0000 (Coordinated Universal Time)
Sun Oct 25 2020 01:29:19 GMT+0000 (Coordinated Universal Time)
Sun Oct 25 2020 01:59:19 GMT+0000 (Coordinated Universal Time)
Sun Oct 25 2020 02:29:19 GMT+0000 (Coordinated Universal Time)
Sun Oct 25 2020 02:59:19 GMT+0000 (Coordinated Universal Time)
Sun Oct 25 2020 03:29:19 GMT+0000 (Coordinated Universal Time)
Sun Oct 25 2020 03:59:19 GMT+0000 (Coordinated Universal Time)
Sun Oct 25 2020 04:29:19 GMT+0000 (Coordinated Universal Time)
Sun Oct 25 2020 04:59:19 GMT+0000 (Coordinated Universal Time)
Sun Oct 25 2020 05:29:19 GMT+0000 (Coordinated Universal Time)
Sun Oct 25 2020 05:59:19 GMT+0000 (Coordinated Universal Time)
Sun Oct 25 2020 06:29:19 GMT+0000 (Coordinated Universal Time)
Sun Oct 25 2020 06:59:19 GMT+0000 (Coordinated Universal Time)
Sun Oct 25 2020 07:29:19 GMT+0000 (Coordinated Universal Time)
Sun Oct 25 2020 07:59:19 GMT+0000 (Coordinated Universal Time)
Sun Oct 25 2020 08:29:19 GMT+0000 (Coordinated Universal Time)
Sun Oct 25 2020 08:59:19 GMT+0000 (Coordinated Universal Time)
Sun Oct 25 2020 09:29:19 GMT+0000 (Coordinated Universal Time)
Sun Oct 25 2020 09:59:19 GMT+0000 (Coordinated Universal Time)
Sun Oct 25 2020 10:29:19 GMT+0000 (Coordinated Universal Time)
Sun Oct 25 2020 10:59:19 GMT+0000 (Coordinated Universal Time)
Sun Oct 25 2020 11:29:19 GMT+0000 (Coordinated Universal Time)
Sun Oct 25 2020 11:59:19 GMT+0000 (Coordinated Universal Time)
Sun Oct 25 2020 12:29:19 GMT+0000 (Coordinated Universal Time)
Sun Oct 25 2020 12:59:19 GMT+0000 (Coordinated Universal Time)
Sun Oct 25 2020 13:29:19 GMT+0000 (Coordinated Universal Time)
Sun Oct 25 2020 13:59:19 GMT+0000 (Coordinated Universal Time)
Sun Oct 25 2020 14:29:19 GMT+0000 (Coordinated Universal Time)
Sun Oct 25 2020 14:59:19 GMT+0000 (Coordinated Universal Time)
Sun Oct 25 2020 15:29:19 GMT+0000 (Coordinated Universal Time)
Sun Oct 25 2020 15:59:19 GMT+0000 (Coordinated Universal Time)
Sun Oct 25 2020 16:29:19 GMT+0000 (Coordinated Universal Time)
Sun Oct 25 2020 16:59:19 GMT+0000 (Coordinated Universal Time)
Sun Oct 25 2020 17:29:19 GMT+0000 (Coordinated Universal Time)
Sun Oct 25 2020 17:59:19 GMT+0000 (Coordinated Universal Time)
Sun Oct 25 2020 18:29:19 GMT+0000 (Coordinated Universal Time)
Sun Oct 25 2020 18:59:19 GMT+0000 (Coordinated Universal Time)
Sun Oct 25 2020 19:29:19 GMT+0000 (Coordinated Universal Time)
Sun Oct 25 2020 19:59:19 GMT+0000 (Coordinated Universal Time)
Sun Oct 25 2020 20:29:19 GMT+0000 (Coordinated Universal Time)
Sun Oct 25 2020 20:59:19 GMT+0000 (Coordinated Universal Time)
Sun Oct 25 2020 21:29:19 GMT+0000 (Coordinated Universal Time)
Sun Oct 25 2020 21:59:19 GMT+0000 (Coordinated Universal Time)
Sun Oct 25 2020 22:29:19 GMT+0000 (Coordinated Universal Time)
Sun Oct 25 2020 22:59:19 GMT+0000 (Coordinated Universal Time)
Sun Oct 25 2020 23:29:19 GMT+0000 (Coordinated Universal Time)
Sun Oct 25 2020 23:59:19 GMT+0000 (Coordinated Universal Time)
Mon Oct 26 2020 00:29:19 GMT+0000 (Coordinated Universal Time)
Mon Oct 26 2020 00:59:19 GMT+0000 (Coordinated Universal Time)
Mon Oct 26 2020 01:29:19 GMT+0000 (Coordinated Universal Time)
Mon Oct 26 2020 01:59:19 GMT+0000 (Coordinated Universal Time)
Mon Oct 26 2020 02:29:19 GMT+0000 (Coordinated Universal Time)
Mon Oct 26 2020 02:59:19 GMT+0000 (Coordinated Universal Time)
Mon Oct 26 2020 03:29:19 GMT+0000 (Coordinated Universal Time)
Mon Oct 26 2020 03:59:19 GMT+0000 (Coordinated Universal Time)
Mon Oct 26 2020 04:29:19 GMT+0000 (Coordinated Universal Time)
Mon Oct 26 2020 04:59:19 GMT+0000 (Coordinated Universal Time)
Mon Oct 26 2020 05:29:19 GMT+0000 (Coordinated Universal Time)
Mon Oct 26 2020 05:59:19 GMT+0000 (Coordinated Universal Time)
Mon Oct 26 2020 06:29:19 GMT+0000 (Coordinated Universal Time)
Mon Oct 26 2020 06:59:19 GMT+0000 (Coordinated Universal Time)
Mon Oct 26 2020 07:29:19 GMT+0000 (Coordinated Universal Time)
Mon Oct 26 2020 07:59:19 GMT+0000 (Coordinated Universal Time)
Mon Oct 26 2020 08:29:19 GMT+0000 (Coordinated Universal Time)
Mon Oct 26 2020 08:59:19 GMT+0000 (Coordinated Universal Time)
Mon Oct 26 2020 09:29:19 GMT+0000 (Coordinated Universal Time)
Mon Oct 26 2020 09:59:19 GMT+0000 (Coordinated Universal Time)
Mon Oct 26 2020 10:29:19 GMT+0000 (Coordinated Universal Time)
Mon Oct 26 2020 10:59:19 GMT+0000 (Coordinated Universal Time)
Mon Oct 26 2020 11:29:19 GMT+0000 (Coordinated Universal Time)
Mon Oct 26 2020 11:59:19 GMT+0000 (Coordinated Universal Time)
Mon Oct 26 2020 12:29:19 GMT+0000 (Coordinated Universal Time)
Mon Oct 26 2020 12:59:19 GMT+0000 (Coordinated Universal Time)
Mon Oct 26 2020 13:29:19 GMT+0000 (Coordinated Universal Time)
Mon Oct 26 2020 13:59:19 GMT+0000 (Coordinated Universal Time)
Mon Oct 26 2020 14:29:19 GMT+0000 (Coordinated Universal Time)
Mon Oct 26 2020 14:59:19 GMT+0000 (Coordinated Universal Time)
Mon Oct 26 2020 15:29:19 GMT+0000 (Coordinated Universal Time)
Mon Oct 26 2020 15:59:19 GMT+0000 (Coordinated Universal Time)
Mon Oct 26 2020 16:29:19 GMT+0000 (Coordinated Universal Time)
Mon Oct 26 2020 16:59:19 GMT+0000 (Coordinated Universal Time)
Mon Oct 26 2020 17:29:19 GMT+0000 (Coordinated Universal Time)
Mon Oct 26 2020 17:59:19 GMT+0000 (Coordinated Universal Time)
Mon Oct 26 2020 18:29:19 GMT+0000 (Coordinated Universal Time)
Mon Oct 26 2020 18:59:19 GMT+0000 (Coordinated Universal Time)
Mon Oct 26 2020 19:29:19 GMT+0000 (Coordinated Universal Time)
(node:9397) UnhandledPromiseRejectionWarning: Error: ER_NO_SUCH_TABLE: Table 'loopibot.participant' doesn't exist
    at Query.Sequence._packetToError (/home/debian/node_modules/mysql/lib/protocol/sequences/Sequence.js:47:14)
    at Query.ErrorPacket (/home/debian/node_modules/mysql/lib/protocol/sequences/Query.js:79:18)
    at Protocol._parsePacket (/home/debian/node_modules/mysql/lib/protocol/Protocol.js:291:23)
    at Parser._parsePacket (/home/debian/node_modules/mysql/lib/protocol/Parser.js:433:10)
    at Parser.write (/home/debian/node_modules/mysql/lib/protocol/Parser.js:43:10)
    at Protocol.write (/home/debian/node_modules/mysql/lib/protocol/Protocol.js:38:16)
    at Socket.<anonymous> (/home/debian/node_modules/mysql/lib/Connection.js:88:28)
    at Socket.<anonymous> (/home/debian/node_modules/mysql/lib/Connection.js:526:10)
    at Socket.emit (events.js:198:13)
    at addChunk (_stream_readable.js:288:12)
    --------------------
    at Protocol._enqueue (/home/debian/node_modules/mysql/lib/protocol/Protocol.js:144:48)
    at Connection.query (/home/debian/node_modules/mysql/lib/Connection.js:198:25)
    at Promise (/home/debian/mysql/db.js:23:11)
    at new Promise (<anonymous>)
    at Object.selectSql (/home/debian/mysql/db.js:22:5)
    at Object.exports.run (/home/debian/commands/evenement/stop.js:6:16)
    at module.exports (/home/debian/events/message.js:53:7)
    at Client.emit (events.js:198:13)
    at MessageCreateAction.handle (/home/debian/node_modules/discord.js/src/client/actions/MessageCreate.js:31:14)
    at Object.module.exports [as MESSAGE_CREATE] (/home/debian/node_modules/discord.js/src/client/websocket/handlers/MESSAGE_CREATE.js:4:32)
(node:9397) UnhandledPromiseRejectionWarning: Unhandled promise rejection. This error originated either by throwing inside of an async function without a catch block, or by rejecting a promise which was not handled with .catch(). (rejection id: 1)
(node:9397) [DEP0018] DeprecationWarning: Unhandled promise rejections are deprecated. In the future, promise rejections that are not handled will terminate the Node.js process with a non-zero exit code.
A wild error appeared! { Error: ER_NO_SUCH_TABLE: Table 'loopibot.participant' doesn't exist
    at Query.Sequence._packetToError (/home/debian/node_modules/mysql/lib/protocol/sequences/Sequence.js:47:14)
    at Query.ErrorPacket (/home/debian/node_modules/mysql/lib/protocol/sequences/Query.js:79:18)
    at Protocol._parsePacket (/home/debian/node_modules/mysql/lib/protocol/Protocol.js:291:23)
    at Parser._parsePacket (/home/debian/node_modules/mysql/lib/protocol/Parser.js:433:10)
    at Parser.write (/home/debian/node_modules/mysql/lib/protocol/Parser.js:43:10)
    at Protocol.write (/home/debian/node_modules/mysql/lib/protocol/Protocol.js:38:16)
    at Socket.<anonymous> (/home/debian/node_modules/mysql/lib/Connection.js:88:28)
    at Socket.<anonymous> (/home/debian/node_modules/mysql/lib/Connection.js:526:10)
    at Socket.emit (events.js:198:13)
    at addChunk (_stream_readable.js:288:12)
    --------------------
    at Protocol._enqueue (/home/debian/node_modules/mysql/lib/protocol/Protocol.js:144:48)
    at Connection.query (/home/debian/node_modules/mysql/lib/Connection.js:198:25)
    at Object.querySql (/home/debian/mysql/db.js:30:9)
    at Object.exports.run (/home/debian/commands/evenement/stop.js:17:16)
    at module.exports (/home/debian/events/message.js:53:7)
    at Client.emit (events.js:198:13)
    at MessageCreateAction.handle (/home/debian/node_modules/discord.js/src/client/actions/MessageCreate.js:31:14)
    at Object.module.exports [as MESSAGE_CREATE] (/home/debian/node_modules/discord.js/src/client/websocket/handlers/MESSAGE_CREATE.js:4:32)
    at WebSocketManager.handlePacket (/home/debian/node_modules/discord.js/src/client/websocket/WebSocketManager.js:386:31)
    at WebSocketShard.onPacket (/home/debian/node_modules/discord.js/src/client/websocket/WebSocketShard.js:435:22)
  code: 'ER_NO_SUCH_TABLE',
  errno: 1146,
  sqlMessage: 'Table \'loopibot.participant\' doesn\'t exist',
  sqlState: '42S02',
  index: 0,
  sql: 'Delete from participant' }
error: Forever detected script exited with code: 1
error: Script restart attempt #1
connecté à la base de donnée
bot opérationnel
Mon Oct 26 2020 20:18:03 GMT+0000 (Coordinated Universal Time)
Mon Oct 26 2020 20:48:03 GMT+0000 (Coordinated Universal Time)
Mon Oct 26 2020 21:18:03 GMT+0000 (Coordinated Universal Time)
Mon Oct 26 2020 21:48:03 GMT+0000 (Coordinated Universal Time)
Mon Oct 26 2020 22:18:03 GMT+0000 (Coordinated Universal Time)
Mon Oct 26 2020 22:48:03 GMT+0000 (Coordinated Universal Time)
Mon Oct 26 2020 23:18:03 GMT+0000 (Coordinated Universal Time)
Mon Oct 26 2020 23:48:03 GMT+0000 (Coordinated Universal Time)
Tue Oct 27 2020 00:18:03 GMT+0000 (Coordinated Universal Time)
Tue Oct 27 2020 00:48:03 GMT+0000 (Coordinated Universal Time)
Tue Oct 27 2020 01:18:03 GMT+0000 (Coordinated Universal Time)
Tue Oct 27 2020 01:48:03 GMT+0000 (Coordinated Universal Time)
Tue Oct 27 2020 02:18:03 GMT+0000 (Coordinated Universal Time)
Tue Oct 27 2020 02:48:03 GMT+0000 (Coordinated Universal Time)
Tue Oct 27 2020 03:18:03 GMT+0000 (Coordinated Universal Time)
Tue Oct 27 2020 03:48:03 GMT+0000 (Coordinated Universal Time)
Tue Oct 27 2020 04:18:03 GMT+0000 (Coordinated Universal Time)
Tue Oct 27 2020 04:48:03 GMT+0000 (Coordinated Universal Time)
Tue Oct 27 2020 05:18:03 GMT+0000 (Coordinated Universal Time)
Tue Oct 27 2020 05:48:03 GMT+0000 (Coordinated Universal Time)
Tue Oct 27 2020 06:18:03 GMT+0000 (Coordinated Universal Time)
Tue Oct 27 2020 06:48:03 GMT+0000 (Coordinated Universal Time)
Tue Oct 27 2020 07:18:03 GMT+0000 (Coordinated Universal Time)
Tue Oct 27 2020 07:48:03 GMT+0000 (Coordinated Universal Time)
Tue Oct 27 2020 08:18:03 GMT+0000 (Coordinated Universal Time)
Tue Oct 27 2020 08:48:03 GMT+0000 (Coordinated Universal Time)
Tue Oct 27 2020 09:18:03 GMT+0000 (Coordinated Universal Time)
Tue Oct 27 2020 09:48:03 GMT+0000 (Coordinated Universal Time)
Tue Oct 27 2020 10:18:03 GMT+0000 (Coordinated Universal Time)
Tue Oct 27 2020 10:48:03 GMT+0000 (Coordinated Universal Time)
Tue Oct 27 2020 11:18:03 GMT+0000 (Coordinated Universal Time)
Tue Oct 27 2020 11:48:03 GMT+0000 (Coordinated Universal Time)
Tue Oct 27 2020 12:18:03 GMT+0000 (Coordinated Universal Time)
Tue Oct 27 2020 12:48:03 GMT+0000 (Coordinated Universal Time)
Tue Oct 27 2020 13:18:03 GMT+0000 (Coordinated Universal Time)
Tue Oct 27 2020 13:48:03 GMT+0000 (Coordinated Universal Time)
Tue Oct 27 2020 14:18:03 GMT+0000 (Coordinated Universal Time)
Tue Oct 27 2020 14:48:03 GMT+0000 (Coordinated Universal Time)
Tue Oct 27 2020 15:18:03 GMT+0000 (Coordinated Universal Time)
Tue Oct 27 2020 15:48:03 GMT+0000 (Coordinated Universal Time)
Tue Oct 27 2020 16:18:03 GMT+0000 (Coordinated Universal Time)
Tue Oct 27 2020 16:48:03 GMT+0000 (Coordinated Universal Time)
Tue Oct 27 2020 17:18:03 GMT+0000 (Coordinated Universal Time)
Tue Oct 27 2020 17:48:03 GMT+0000 (Coordinated Universal Time)
Tue Oct 27 2020 18:18:03 GMT+0000 (Coordinated Universal Time)
Tue Oct 27 2020 18:48:03 GMT+0000 (Coordinated Universal Time)
Tue Oct 27 2020 19:18:03 GMT+0000 (Coordinated Universal Time)
Tue Oct 27 2020 19:48:03 GMT+0000 (Coordinated Universal Time)
Tue Oct 27 2020 20:18:03 GMT+0000 (Coordinated Universal Time)
Tue Oct 27 2020 20:48:03 GMT+0000 (Coordinated Universal Time)
Tue Oct 27 2020 21:18:03 GMT+0000 (Coordinated Universal Time)
Tue Oct 27 2020 21:48:03 GMT+0000 (Coordinated Universal Time)
Tue Oct 27 2020 22:18:03 GMT+0000 (Coordinated Universal Time)
Tue Oct 27 2020 22:48:03 GMT+0000 (Coordinated Universal Time)
Tue Oct 27 2020 23:18:03 GMT+0000 (Coordinated Universal Time)
Tue Oct 27 2020 23:48:03 GMT+0000 (Coordinated Universal Time)
Wed Oct 28 2020 00:18:03 GMT+0000 (Coordinated Universal Time)
Wed Oct 28 2020 00:48:03 GMT+0000 (Coordinated Universal Time)
Wed Oct 28 2020 01:18:03 GMT+0000 (Coordinated Universal Time)
Wed Oct 28 2020 01:48:03 GMT+0000 (Coordinated Universal Time)
Wed Oct 28 2020 02:18:03 GMT+0000 (Coordinated Universal Time)
Wed Oct 28 2020 02:48:03 GMT+0000 (Coordinated Universal Time)
Wed Oct 28 2020 03:18:03 GMT+0000 (Coordinated Universal Time)
Wed Oct 28 2020 03:48:03 GMT+0000 (Coordinated Universal Time)
Wed Oct 28 2020 04:18:03 GMT+0000 (Coordinated Universal Time)
Wed Oct 28 2020 04:48:03 GMT+0000 (Coordinated Universal Time)
Wed Oct 28 2020 05:18:03 GMT+0000 (Coordinated Universal Time)
Wed Oct 28 2020 05:48:03 GMT+0000 (Coordinated Universal Time)
Wed Oct 28 2020 06:18:03 GMT+0000 (Coordinated Universal Time)
Wed Oct 28 2020 06:48:03 GMT+0000 (Coordinated Universal Time)
Wed Oct 28 2020 07:18:03 GMT+0000 (Coordinated Universal Time)
Wed Oct 28 2020 07:48:03 GMT+0000 (Coordinated Universal Time)
Wed Oct 28 2020 08:18:03 GMT+0000 (Coordinated Universal Time)
Wed Oct 28 2020 08:48:03 GMT+0000 (Coordinated Universal Time)
Wed Oct 28 2020 09:18:03 GMT+0000 (Coordinated Universal Time)
Wed Oct 28 2020 09:48:03 GMT+0000 (Coordinated Universal Time)
Wed Oct 28 2020 10:18:03 GMT+0000 (Coordinated Universal Time)
internal/modules/cjs/loader.js:638
    throw err;
    ^

Error: Cannot find module '../mysql/db.js'
    at Function.Module._resolveFilename (internal/modules/cjs/loader.js:636:15)
    at Function.Module._load (internal/modules/cjs/loader.js:562:25)
    at Module.require (internal/modules/cjs/loader.js:692:17)
    at require (internal/modules/cjs/helpers.js:25:18)
    at Object.exports.run (/home/debian/commands/avatar.js:3:18)
    at module.exports (/home/debian/events/message.js:53:7)
    at Client.emit (events.js:198:13)
    at MessageCreateAction.handle (/home/debian/node_modules/discord.js/src/client/actions/MessageCreate.js:31:14)
    at Object.module.exports [as MESSAGE_CREATE] (/home/debian/node_modules/discord.js/src/client/websocket/handlers/MESSAGE_CREATE.js:4:32)
    at WebSocketManager.handlePacket (/home/debian/node_modules/discord.js/src/client/websocket/WebSocketManager.js:386:31)
error: Forever detected script exited with code: 1
error: Script restart attempt #2
internal/modules/cjs/loader.js:638
    throw err;
    ^

Error: Cannot find module '/home/debian/main.js'
    at Function.Module._resolveFilename (internal/modules/cjs/loader.js:636:15)
    at Function.Module._load (internal/modules/cjs/loader.js:562:25)
    at Function.Module.runMain (internal/modules/cjs/loader.js:831:12)
    at startup (internal/bootstrap/node.js:283:19)
    at bootstrapNodeJSCore (internal/bootstrap/node.js:623:3)
error: Forever detected script exited with code: 1
