0 info it worked if it ends with ok
1 warn npm npm does not support Node.js v10.21.0
2 warn npm You should probably upgrade to a newer version of node as we
3 warn npm can't make any promises that npm will work with this version.
4 warn npm Supported releases of Node.js are the latest release of 4, 6, 7, 8, 9.
5 warn npm You can find the latest version at https://nodejs.org/
6 verbose cli [ '/usr/bin/node', '/usr/bin/npm', 'install', 'forever', '-g' ]
7 info using npm@5.8.0
8 info using node@v10.21.0
9 verbose npm-session 94b17412143f9b25
10 silly install loadCurrentTree
11 silly install readGlobalPackageData
12 http fetch GET 304 https://registry.npmjs.org/forever 157ms (from cache)
13 silly pacote tag manifest for forever@latest fetched in 189ms
14 silly install loadIdealTree
15 silly install cloneCurrentTreeToIdealTree
16 silly install loadShrinkwrap
17 silly install loadAllDepsIntoIdealTree
18 silly resolveWithNewModule forever@3.0.2 checking installable status
19 http fetch GET 200 https://registry.npmjs.org/mkdirp 55ms (from cache)
20 silly pacote range manifest for mkdirp@^0.5.5 fetched in 60ms
21 silly resolveWithNewModule mkdirp@0.5.5 checking installable status
22 http fetch GET 304 https://registry.npmjs.org/async 81ms (from cache)
23 silly pacote range manifest for async@^1.5.2 fetched in 88ms
24 silly resolveWithNewModule async@1.5.2 checking installable status
25 http fetch GET 304 https://registry.npmjs.org/cliff 137ms (from cache)
26 http fetch GET 304 https://registry.npmjs.org/forever-monitor 127ms (from cache)
27 http fetch GET 304 https://registry.npmjs.org/nconf 127ms (from cache)
28 http fetch GET 304 https://registry.npmjs.org/deep-equal 138ms (from cache)
29 http fetch GET 304 https://registry.npmjs.org/nssocket 126ms (from cache)
30 http fetch GET 304 https://registry.npmjs.org/object-assign 67ms (from cache)
31 http fetch GET 304 https://registry.npmjs.org/colors 142ms (from cache)
32 http fetch GET 304 https://registry.npmjs.org/clone 144ms (from cache)
33 http fetch GET 304 https://registry.npmjs.org/flatiron 144ms (from cache)
34 silly pacote range manifest for cliff@^0.1.10 fetched in 148ms
35 silly resolveWithNewModule cliff@0.1.10 checking installable status
36 silly pacote range manifest for forever-monitor@^3.0.0 fetched in 140ms
37 silly resolveWithNewModule forever-monitor@3.0.1 checking installable status
38 silly pacote range manifest for nconf@^0.10.0 fetched in 150ms
39 silly resolveWithNewModule nconf@0.10.0 checking installable status
40 silly pacote range manifest for deep-equal@^1.1.1 fetched in 162ms
41 silly resolveWithNewModule deep-equal@1.1.1 checking installable status
42 silly pacote range manifest for nssocket@^0.6.0 fetched in 150ms
43 silly resolveWithNewModule nssocket@0.6.0 checking installable status
44 silly pacote range manifest for object-assign@^4.1.1 fetched in 93ms
45 silly resolveWithNewModule object-assign@4.1.1 checking installable status
46 silly pacote range manifest for colors@^0.6.2 fetched in 173ms
47 silly resolveWithNewModule colors@0.6.2 checking installable status
48 silly pacote range manifest for clone@^2.1.2 fetched in 174ms
49 silly resolveWithNewModule clone@2.1.2 checking installable status
50 silly pacote range manifest for flatiron@~0.4.3 fetched in 176ms
51 silly resolveWithNewModule flatiron@0.4.3 checking installable status
52 http fetch GET 304 https://registry.npmjs.org/prettyjson 102ms (from cache)
53 silly pacote range manifest for prettyjson@^1.2.1 fetched in 104ms
54 silly resolveWithNewModule prettyjson@1.2.1 checking installable status
55 http fetch GET 304 https://registry.npmjs.org/shush 119ms (from cache)
56 http fetch GET 304 https://registry.npmjs.org/utile 98ms (from cache)
57 silly pacote range manifest for shush@^1.0.0 fetched in 122ms
58 silly resolveWithNewModule shush@1.0.0 checking installable status
59 silly pacote range manifest for utile@~0.3.0 fetched in 102ms
60 silly resolveWithNewModule utile@0.3.0 checking installable status
61 http fetch GET 304 https://registry.npmjs.org/winston 103ms (from cache)
62 silly pacote range manifest for winston@~0.8.1 fetched in 106ms
63 silly resolveWithNewModule winston@0.8.3 checking installable status
64 http fetch GET 304 https://registry.npmjs.org/yargs 107ms (from cache)
65 silly pacote range manifest for yargs@^3.32.0 fetched in 113ms
66 silly resolveWithNewModule yargs@3.32.0 checking installable status
67 silly pacote range manifest for colors@~1.0.3 fetched in 2ms
68 silly resolveWithNewModule colors@1.0.3 checking installable status
69 http fetch GET 304 https://registry.npmjs.org/eyes 55ms (from cache)
70 silly pacote range manifest for eyes@~0.1.8 fetched in 57ms
71 silly resolveWithNewModule eyes@0.1.8 checking installable status
72 silly pacote range manifest for async@0.2.x fetched in 4ms
73 silly resolveWithNewModule async@0.2.10 checking installable status
74 http fetch GET 304 https://registry.npmjs.org/cycle 33ms (from cache)
75 silly pacote range manifest for cycle@1.0.x fetched in 34ms
76 silly resolveWithNewModule cycle@1.0.3 checking installable status
77 http fetch GET 304 https://registry.npmjs.org/isstream 39ms (from cache)
78 silly pacote range manifest for isstream@0.1.x fetched in 40ms
79 silly resolveWithNewModule isstream@0.1.2 checking installable status
80 http fetch GET 304 https://registry.npmjs.org/pkginfo 49ms (from cache)
81 http fetch GET 304 https://registry.npmjs.org/stack-trace 50ms (from cache)
82 silly pacote range manifest for pkginfo@0.3.x fetched in 51ms
83 silly resolveWithNewModule pkginfo@0.3.1 checking installable status
84 silly pacote range manifest for stack-trace@0.0.x fetched in 52ms
85 silly resolveWithNewModule stack-trace@0.0.10 checking installable status
86 http fetch GET 304 https://registry.npmjs.org/is-arguments 54ms (from cache)
87 http fetch GET 304 https://registry.npmjs.org/is-date-object 55ms (from cache)
88 http fetch GET 304 https://registry.npmjs.org/is-regex 55ms (from cache)
89 http fetch GET 304 https://registry.npmjs.org/regexp.prototype.flags 55ms (from cache)
90 http fetch GET 304 https://registry.npmjs.org/object-keys 57ms (from cache)
91 silly pacote range manifest for is-arguments@^1.0.4 fetched in 59ms
92 silly resolveWithNewModule is-arguments@1.0.4 checking installable status
93 silly pacote range manifest for is-date-object@^1.0.1 fetched in 60ms
94 silly resolveWithNewModule is-date-object@1.0.2 checking installable status
95 http fetch GET 304 https://registry.npmjs.org/object-is 68ms (from cache)
96 silly pacote range manifest for is-regex@^1.0.4 fetched in 69ms
97 silly resolveWithNewModule is-regex@1.1.1 checking installable status
98 silly pacote range manifest for regexp.prototype.flags@^1.2.0 fetched in 69ms
99 silly resolveWithNewModule regexp.prototype.flags@1.3.0 checking installable status
100 silly pacote range manifest for object-keys@^1.1.1 fetched in 72ms
101 silly resolveWithNewModule object-keys@1.1.1 checking installable status
102 silly pacote range manifest for object-is@^1.0.1 fetched in 73ms
103 silly resolveWithNewModule object-is@1.1.3 checking installable status
104 http fetch GET 304 https://registry.npmjs.org/has-symbols 24ms (from cache)
105 silly pacote range manifest for has-symbols@^1.0.1 fetched in 26ms
106 silly resolveWithNewModule has-symbols@1.0.1 checking installable status
107 http fetch GET 304 https://registry.npmjs.org/define-properties 31ms (from cache)
108 silly pacote range manifest for define-properties@^1.1.3 fetched in 33ms
109 silly resolveWithNewModule define-properties@1.1.3 checking installable status
110 http fetch GET 304 https://registry.npmjs.org/es-abstract 40ms (from cache)
111 silly pacote range manifest for es-abstract@^1.18.0-next.1 fetched in 43ms
112 silly resolveWithNewModule es-abstract@1.18.0-next.1 checking installable status
113 http fetch GET 304 https://registry.npmjs.org/has 70ms (from cache)
114 silly pacote range manifest for has@^1.0.3 fetched in 80ms
115 silly resolveWithNewModule has@1.0.3 checking installable status
116 http fetch GET 304 https://registry.npmjs.org/function-bind 84ms (from cache)
117 http fetch GET 304 https://registry.npmjs.org/es-to-primitive 85ms (from cache)
118 http fetch GET 304 https://registry.npmjs.org/is-callable 86ms (from cache)
119 silly pacote range manifest for function-bind@^1.1.1 fetched in 88ms
120 silly resolveWithNewModule function-bind@1.1.1 checking installable status
121 silly pacote range manifest for es-to-primitive@^1.2.1 fetched in 89ms
122 silly resolveWithNewModule es-to-primitive@1.2.1 checking installable status
123 http fetch GET 304 https://registry.npmjs.org/object-inspect 89ms (from cache)
124 http fetch GET 304 https://registry.npmjs.org/object.assign 89ms (from cache)
125 silly pacote range manifest for is-callable@^1.2.2 fetched in 91ms
126 silly resolveWithNewModule is-callable@1.2.2 checking installable status
127 http fetch GET 304 https://registry.npmjs.org/is-negative-zero 93ms (from cache)
128 http fetch GET 304 https://registry.npmjs.org/string.prototype.trimstart 83ms (from cache)
129 silly pacote range manifest for object-inspect@^1.8.0 fetched in 94ms
130 silly resolveWithNewModule object-inspect@1.8.0 checking installable status
131 silly pacote range manifest for object.assign@^4.1.1 fetched in 97ms
132 silly resolveWithNewModule object.assign@4.1.1 checking installable status
133 http fetch GET 304 https://registry.npmjs.org/string.prototype.trimend 97ms (from cache)
134 silly pacote range manifest for is-negative-zero@^2.0.0 fetched in 98ms
135 silly resolveWithNewModule is-negative-zero@2.0.0 checking installable status
136 silly pacote range manifest for string.prototype.trimstart@^1.0.1 fetched in 89ms
137 silly resolveWithNewModule string.prototype.trimstart@1.0.1 checking installable status
138 silly pacote range manifest for string.prototype.trimend@^1.0.1 fetched in 99ms
139 silly resolveWithNewModule string.prototype.trimend@1.0.1 checking installable status
140 http fetch GET 304 https://registry.npmjs.org/is-symbol 34ms (from cache)
141 silly pacote range manifest for is-symbol@^1.0.2 fetched in 35ms
142 silly resolveWithNewModule is-symbol@1.0.3 checking installable status
143 silly pacote range manifest for es-abstract@^1.17.5 fetched in 1ms
144 silly resolveWithNewModule es-abstract@1.17.7 checking installable status
145 silly pacote range manifest for es-abstract@^1.17.5 fetched in 3ms
146 silly resolveWithNewModule es-abstract@1.17.7 checking installable status
147 silly pacote range manifest for es-abstract@^1.17.0-next.1 fetched in 2ms
148 silly resolveWithNewModule es-abstract@1.17.7 checking installable status
149 http fetch GET 304 https://registry.npmjs.org/broadway 25ms (from cache)
150 silly pacote range manifest for broadway@~0.3.2 fetched in 36ms
151 silly resolveWithNewModule broadway@0.3.6 checking installable status
152 http fetch GET 304 https://registry.npmjs.org/prompt 47ms (from cache)
153 http fetch GET 304 https://registry.npmjs.org/director 47ms (from cache)
154 http fetch GET 304 https://registry.npmjs.org/optimist 48ms (from cache)
155 silly pacote version manifest for prompt@0.2.14 fetched in 50ms
156 silly resolveWithNewModule prompt@0.2.14 checking installable status
157 silly pacote version manifest for director@1.2.7 fetched in 51ms
158 silly resolveWithNewModule director@1.2.7 checking installable status
159 silly pacote version manifest for optimist@0.6.0 fetched in 53ms
160 silly resolveWithNewModule optimist@0.6.0 checking installable status
161 silly pacote version manifest for cliff@0.1.9 fetched in 4ms
162 silly resolveWithNewModule cliff@0.1.9 checking installable status
163 silly pacote version manifest for nconf@0.6.9 fetched in 4ms
164 silly resolveWithNewModule nconf@0.6.9 checking installable status
165 silly pacote version manifest for winston@0.8.0 fetched in 5ms
166 silly resolveWithNewModule winston@0.8.0 checking installable status
167 silly pacote version manifest for utile@0.2.1 fetched in 5ms
168 silly resolveWithNewModule utile@0.2.1 checking installable status
169 http fetch GET 200 https://registry.npmjs.org/eventemitter2 7ms (from cache)
170 silly pacote version manifest for eventemitter2@0.4.14 fetched in 10ms
171 silly resolveWithNewModule eventemitter2@0.4.14 checking installable status
172 silly pacote range manifest for async@0.2.x fetched in 1ms
173 silly resolveWithNewModule async@0.2.10 checking installable status
174 silly pacote version manifest for async@0.2.9 fetched in 2ms
175 silly resolveWithNewModule async@0.2.9 checking installable status
176 http fetch GET 200 https://registry.npmjs.org/ini 5ms (from cache)
177 silly pacote range manifest for ini@1.x.x fetched in 6ms
178 silly resolveWithNewModule ini@1.3.5 checking installable status
179 http fetch GET 304 https://registry.npmjs.org/wordwrap 42ms (from cache)
180 http fetch GET 304 https://registry.npmjs.org/minimist 31ms (from cache)
181 silly pacote range manifest for wordwrap@~0.0.2 fetched in 44ms
182 silly resolveWithNewModule wordwrap@0.0.3 checking installable status
183 silly pacote range manifest for minimist@~0.0.1 fetched in 33ms
184 silly resolveWithNewModule minimist@0.0.10 checking installable status
185 http fetch GET 200 https://registry.npmjs.org/rimraf 46ms
186 http fetch GET 304 https://registry.npmjs.org/i 56ms (from cache)
187 http fetch GET 304 https://registry.npmjs.org/ncp 57ms (from cache)
188 silly pacote range manifest for i@0.3.x fetched in 58ms
189 silly resolveWithNewModule i@0.3.6 checking installable status
190 silly pacote range manifest for ncp@0.4.x fetched in 59ms
191 silly resolveWithNewModule ncp@0.4.2 checking installable status
192 http fetch GET 200 https://registry.npmjs.org/rimraf/-/rimraf-2.7.1.tgz 31ms
193 silly pacote range manifest for rimraf@2.x.x fetched in 86ms
194 silly resolveWithNewModule rimraf@2.7.1 checking installable status
195 http fetch GET 200 https://registry.npmjs.org/minimist/-/minimist-1.2.5.tgz 58ms
196 silly pacote range manifest for minimist@^1.2.5 fetched in 64ms
197 silly resolveWithNewModule minimist@1.2.5 checking installable status
198 http fetch GET 200 https://registry.npmjs.org/glob 32ms
199 http fetch GET 200 https://registry.npmjs.org/glob/-/glob-7.1.6.tgz 31ms
200 silly pacote range manifest for glob@^7.1.3 fetched in 68ms
201 silly resolveWithNewModule glob@7.1.6 checking installable status
202 http fetch GET 200 https://registry.npmjs.org/fs.realpath 33ms
203 http fetch GET 200 https://registry.npmjs.org/path-is-absolute 33ms
204 http fetch GET 200 https://registry.npmjs.org/minimatch 37ms
205 http fetch GET 200 https://registry.npmjs.org/inflight 39ms
206 http fetch GET 200 https://registry.npmjs.org/once 48ms
207 http fetch GET 200 https://registry.npmjs.org/minimatch/-/minimatch-3.0.4.tgz 29ms
208 http fetch GET 200 https://registry.npmjs.org/fs.realpath/-/fs.realpath-1.0.0.tgz 34ms
209 http fetch GET 200 https://registry.npmjs.org/inflight/-/inflight-1.0.6.tgz 65ms
210 silly pacote range manifest for minimatch@^3.0.4 fetched in 109ms
211 silly resolveWithNewModule minimatch@3.0.4 checking installable status
212 silly pacote range manifest for fs.realpath@^1.0.0 fetched in 118ms
213 silly resolveWithNewModule fs.realpath@1.0.0 checking installable status
214 http fetch GET 200 https://registry.npmjs.org/once/-/once-1.4.0.tgz 67ms
215 http fetch GET 200 https://registry.npmjs.org/path-is-absolute/-/path-is-absolute-1.0.1.tgz 82ms
216 silly pacote range manifest for inflight@^1.0.4 fetched in 120ms
217 silly resolveWithNewModule inflight@1.0.6 checking installable status
218 silly pacote range manifest for once@^1.3.0 fetched in 127ms
219 silly resolveWithNewModule once@1.4.0 checking installable status
220 silly pacote range manifest for path-is-absolute@^1.0.0 fetched in 128ms
221 silly resolveWithNewModule path-is-absolute@1.0.1 checking installable status
222 http fetch GET 200 https://registry.npmjs.org/inherits 392ms
223 http fetch GET 200 https://registry.npmjs.org/inherits/-/inherits-2.0.4.tgz 27ms
224 silly pacote range manifest for inherits@2 fetched in 422ms
225 silly resolveWithNewModule inherits@2.0.4 checking installable status
226 http fetch GET 200 https://registry.npmjs.org/wrappy 21ms
227 http fetch GET 200 https://registry.npmjs.org/wrappy/-/wrappy-1.0.2.tgz 35ms
228 silly pacote range manifest for wrappy@1 fetched in 59ms
229 silly resolveWithNewModule wrappy@1.0.2 checking installable status
230 http fetch GET 200 https://registry.npmjs.org/brace-expansion 25ms
231 http fetch GET 200 https://registry.npmjs.org/brace-expansion/-/brace-expansion-1.1.11.tgz 23ms
232 silly pacote range manifest for brace-expansion@^1.1.7 fetched in 53ms
233 silly resolveWithNewModule brace-expansion@1.1.11 checking installable status
234 http fetch GET 200 https://registry.npmjs.org/concat-map 23ms
235 http fetch GET 200 https://registry.npmjs.org/balanced-match 33ms
236 http fetch GET 200 https://registry.npmjs.org/concat-map/-/concat-map-0.0.1.tgz 27ms
237 silly pacote version manifest for concat-map@0.0.1 fetched in 57ms
238 silly resolveWithNewModule concat-map@0.0.1 checking installable status
239 http fetch GET 200 https://registry.npmjs.org/balanced-match/-/balanced-match-1.0.0.tgz 24ms
240 silly pacote range manifest for balanced-match@^1.0.0 fetched in 61ms
241 silly resolveWithNewModule balanced-match@1.0.0 checking installable status
242 silly pacote range manifest for utile@0.2.x fetched in 1ms
243 silly resolveWithNewModule utile@0.2.1 checking installable status
244 http fetch GET 304 https://registry.npmjs.org/read 42ms (from cache)
245 http fetch GET 304 https://registry.npmjs.org/revalidator 42ms (from cache)
246 silly pacote range manifest for read@1.0.x fetched in 45ms
247 silly resolveWithNewModule read@1.0.7 checking installable status
248 silly pacote range manifest for revalidator@0.1.x fetched in 46ms
249 silly resolveWithNewModule revalidator@0.1.8 checking installable status
250 http fetch GET 200 https://registry.npmjs.org/mute-stream 26ms
251 http fetch GET 200 https://registry.npmjs.org/mute-stream/-/mute-stream-0.0.8.tgz 30ms
252 silly pacote range manifest for mute-stream@~0.0.4 fetched in 62ms
253 silly resolveWithNewModule mute-stream@0.0.8 checking installable status
254 silly pacote range manifest for async@~0.2.9 fetched in 1ms
255 silly resolveWithNewModule async@0.2.10 checking installable status
256 http fetch GET 304 https://registry.npmjs.org/chokidar 27ms (from cache)
257 silly pacote range manifest for chokidar@^2.1.8 fetched in 32ms
258 warn deprecated chokidar@2.1.8: Chokidar 2 will break on node v14+. Upgrade to chokidar 3 with 15x less dependencies.
259 silly resolveWithNewModule chokidar@2.1.8 checking installable status
260 http fetch GET 304 https://registry.npmjs.org/ps-tree 36ms (from cache)
261 silly pacote range manifest for ps-tree@^1.2.0 fetched in 38ms
262 silly resolveWithNewModule ps-tree@1.2.0 checking installable status
263 http fetch GET 304 https://registry.npmjs.org/async-each 70ms (from cache)
264 http fetch GET 304 https://registry.npmjs.org/is-binary-path 70ms (from cache)
265 http fetch GET 304 https://registry.npmjs.org/anymatch 72ms (from cache)
266 http fetch GET 304 https://registry.npmjs.org/glob-parent 72ms (from cache)
267 http fetch GET 304 https://registry.npmjs.org/is-glob 71ms (from cache)
268 http fetch GET 304 https://registry.npmjs.org/normalize-path 72ms (from cache)
269 http fetch GET 304 https://registry.npmjs.org/braces 75ms (from cache)
270 http fetch GET 304 https://registry.npmjs.org/readdirp 77ms (from cache)
271 http fetch GET 304 https://registry.npmjs.org/upath 77ms (from cache)
272 silly pacote range manifest for async-each@^1.0.1 fetched in 80ms
273 silly resolveWithNewModule async-each@1.0.3 checking installable status
274 silly pacote range manifest for is-binary-path@^1.0.0 fetched in 80ms
275 silly resolveWithNewModule is-binary-path@1.0.1 checking installable status
276 silly pacote range manifest for anymatch@^2.0.0 fetched in 83ms
277 silly resolveWithNewModule anymatch@2.0.0 checking installable status
278 silly pacote range manifest for glob-parent@^3.1.0 fetched in 82ms
279 silly resolveWithNewModule glob-parent@3.1.0 checking installable status
280 silly pacote range manifest for normalize-path@^3.0.0 fetched in 82ms
281 silly resolveWithNewModule normalize-path@3.0.0 checking installable status
282 silly pacote range manifest for braces@^2.3.2 fetched in 84ms
283 silly resolveWithNewModule braces@2.3.2 checking installable status
284 silly pacote range manifest for readdirp@^2.2.1 fetched in 84ms
285 silly resolveWithNewModule readdirp@2.2.1 checking installable status
286 silly pacote range manifest for upath@^1.1.1 fetched in 83ms
287 silly resolveWithNewModule upath@1.2.0 checking installable status
288 http fetch GET 304 https://registry.npmjs.org/fsevents 84ms (from cache)
289 silly pacote range manifest for fsevents@^1.2.7 fetched in 86ms
290 warn deprecated fsevents@1.2.13: fsevents 1 will break on node v14+ and could be using insecure binaries. Upgrade to fsevents 2.
291 silly resolveWithNewModule fsevents@1.2.13 checking installable status
292 http fetch GET 200 https://registry.npmjs.org/is-glob/-/is-glob-4.0.1.tgz 21ms
293 silly pacote range manifest for is-glob@^4.0.0 fetched in 96ms
294 silly resolveWithNewModule is-glob@4.0.1 checking installable status
295 silly pacote range manifest for normalize-path@^2.1.1 fetched in 1ms
296 silly resolveWithNewModule normalize-path@2.1.1 checking installable status
297 http fetch GET 304 https://registry.npmjs.org/micromatch 28ms (from cache)
298 silly pacote range manifest for micromatch@^3.1.4 fetched in 31ms
299 silly resolveWithNewModule micromatch@3.1.10 checking installable status
300 http fetch GET 304 https://registry.npmjs.org/array-unique 42ms (from cache)
301 silly pacote range manifest for array-unique@^0.3.2 fetched in 53ms
302 silly resolveWithNewModule array-unique@0.3.2 checking installable status
303 http fetch GET 304 https://registry.npmjs.org/define-property 64ms (from cache)
304 http fetch GET 304 https://registry.npmjs.org/extglob 65ms (from cache)
305 http fetch GET 304 https://registry.npmjs.org/kind-of 65ms (from cache)
306 silly pacote range manifest for define-property@^2.0.2 fetched in 75ms
307 silly resolveWithNewModule define-property@2.0.2 checking installable status
308 silly pacote range manifest for extglob@^2.0.4 fetched in 83ms
309 silly resolveWithNewModule extglob@2.0.4 checking installable status
310 silly pacote range manifest for kind-of@^6.0.2 fetched in 83ms
311 silly resolveWithNewModule kind-of@6.0.3 checking installable status
312 http fetch GET 304 https://registry.npmjs.org/object.pick 85ms (from cache)
313 http fetch GET 304 https://registry.npmjs.org/fragment-cache 87ms (from cache)
314 http fetch GET 304 https://registry.npmjs.org/regex-not 86ms (from cache)
315 silly pacote range manifest for object.pick@^1.3.0 fetched in 91ms
316 silly resolveWithNewModule object.pick@1.3.0 checking installable status
317 http fetch GET 304 https://registry.npmjs.org/nanomatch 92ms (from cache)
318 silly pacote range manifest for fragment-cache@^0.2.1 fetched in 94ms
319 silly resolveWithNewModule fragment-cache@0.2.1 checking installable status
320 silly pacote range manifest for regex-not@^1.0.0 fetched in 93ms
321 silly resolveWithNewModule regex-not@1.0.2 checking installable status
322 http fetch GET 304 https://registry.npmjs.org/extend-shallow 96ms (from cache)
323 silly pacote range manifest for nanomatch@^1.2.9 fetched in 98ms
324 silly resolveWithNewModule nanomatch@1.2.13 checking installable status
325 silly pacote range manifest for extend-shallow@^3.0.2 fetched in 100ms
326 silly resolveWithNewModule extend-shallow@3.0.2 checking installable status
327 http fetch GET 304 https://registry.npmjs.org/arr-diff 104ms (from cache)
328 http fetch GET 304 https://registry.npmjs.org/snapdragon 51ms (from cache)
329 silly pacote range manifest for arr-diff@^4.0.0 fetched in 106ms
330 silly resolveWithNewModule arr-diff@4.0.0 checking installable status
331 silly pacote range manifest for snapdragon@^0.8.1 fetched in 53ms
332 silly resolveWithNewModule snapdragon@0.8.2 checking installable status
333 http fetch GET 304 https://registry.npmjs.org/to-regex 47ms (from cache)
334 silly pacote range manifest for to-regex@^3.0.2 fetched in 55ms
335 silly resolveWithNewModule to-regex@3.0.2 checking installable status
336 silly pacote range manifest for extend-shallow@^2.0.1 fetched in 4ms
337 silly resolveWithNewModule extend-shallow@2.0.1 checking installable status
338 http fetch GET 304 https://registry.npmjs.org/arr-flatten 41ms (from cache)
339 silly pacote range manifest for arr-flatten@^1.1.0 fetched in 45ms
340 silly resolveWithNewModule arr-flatten@1.1.0 checking installable status
341 http fetch GET 304 https://registry.npmjs.org/fill-range 46ms (from cache)
342 http fetch GET 304 https://registry.npmjs.org/repeat-element 52ms (from cache)
343 http fetch GET 304 https://registry.npmjs.org/snapdragon-node 52ms (from cache)
344 silly pacote range manifest for fill-range@^4.0.0 fetched in 53ms
345 silly resolveWithNewModule fill-range@4.0.0 checking installable status
346 silly pacote range manifest for repeat-element@^1.1.2 fetched in 55ms
347 silly resolveWithNewModule repeat-element@1.1.3 checking installable status
348 silly pacote range manifest for snapdragon-node@^2.0.1 fetched in 55ms
349 silly resolveWithNewModule snapdragon-node@2.1.1 checking installable status
350 http fetch GET 304 https://registry.npmjs.org/split-string 56ms (from cache)
351 silly pacote range manifest for split-string@^3.0.2 fetched in 57ms
352 silly resolveWithNewModule split-string@3.1.0 checking installable status
353 http fetch GET 304 https://registry.npmjs.org/isobject 59ms (from cache)
354 silly pacote range manifest for isobject@^3.0.1 fetched in 60ms
355 silly resolveWithNewModule isobject@3.0.1 checking installable status
356 http fetch GET 304 https://registry.npmjs.org/is-extendable 38ms (from cache)
357 silly pacote range manifest for is-extendable@^0.1.0 fetched in 40ms
358 silly resolveWithNewModule is-extendable@0.1.1 checking installable status
359 silly pacote range manifest for extend-shallow@^2.0.1 fetched in 4ms
360 silly resolveWithNewModule extend-shallow@2.0.1 checking installable status
361 http fetch GET 304 https://registry.npmjs.org/to-regex-range 33ms (from cache)
362 silly pacote range manifest for to-regex-range@^2.1.0 fetched in 34ms
363 silly resolveWithNewModule to-regex-range@2.1.1 checking installable status
364 http fetch GET 304 https://registry.npmjs.org/repeat-string 36ms (from cache)
365 silly pacote range manifest for repeat-string@^1.6.1 fetched in 38ms
366 silly resolveWithNewModule repeat-string@1.6.1 checking installable status
367 http fetch GET 304 https://registry.npmjs.org/is-number 124ms (from cache)
368 silly pacote range manifest for is-number@^3.0.0 fetched in 125ms
369 silly resolveWithNewModule is-number@3.0.0 checking installable status
370 silly pacote range manifest for kind-of@^3.0.2 fetched in 2ms
371 silly resolveWithNewModule kind-of@3.2.2 checking installable status
372 http fetch GET 304 https://registry.npmjs.org/is-buffer 36ms (from cache)
373 silly pacote range manifest for is-buffer@^1.1.5 fetched in 37ms
374 silly resolveWithNewModule is-buffer@1.1.6 checking installable status
375 silly pacote range manifest for define-property@^0.2.5 fetched in 6ms
376 silly resolveWithNewModule define-property@0.2.5 checking installable status
377 silly pacote range manifest for extend-shallow@^2.0.1 fetched in 6ms
378 silly resolveWithNewModule extend-shallow@2.0.1 checking installable status
379 http fetch GET 304 https://registry.npmjs.org/debug 62ms (from cache)
380 http fetch GET 304 https://registry.npmjs.org/source-map-resolve 62ms (from cache)
381 http fetch GET 304 https://registry.npmjs.org/source-map 65ms (from cache)
382 silly pacote range manifest for debug@^2.2.0 fetched in 68ms
383 silly resolveWithNewModule debug@2.6.9 checking installable status
384 silly pacote range manifest for source-map-resolve@^0.5.0 fetched in 68ms
385 silly resolveWithNewModule source-map-resolve@0.5.3 checking installable status
386 http fetch GET 304 https://registry.npmjs.org/use 68ms (from cache)
387 silly pacote range manifest for source-map@^0.5.6 fetched in 69ms
388 silly resolveWithNewModule source-map@0.5.7 checking installable status
389 http fetch GET 304 https://registry.npmjs.org/map-cache 70ms (from cache)
390 silly pacote range manifest for use@^3.1.0 fetched in 70ms
391 silly resolveWithNewModule use@3.1.1 checking installable status
392 silly pacote range manifest for map-cache@^0.2.2 fetched in 72ms
393 silly resolveWithNewModule map-cache@0.2.2 checking installable status
394 http fetch GET 304 https://registry.npmjs.org/base 703ms (from cache)
395 silly pacote range manifest for base@^0.11.1 fetched in 707ms
396 silly resolveWithNewModule base@0.11.2 checking installable status
397 silly pacote range manifest for define-property@^1.0.0 fetched in 3ms
398 silly resolveWithNewModule define-property@1.0.0 checking installable status
399 http fetch GET 304 https://registry.npmjs.org/cache-base 47ms (from cache)
400 silly pacote range manifest for cache-base@^1.0.1 fetched in 51ms
401 silly resolveWithNewModule cache-base@1.0.1 checking installable status
402 http fetch GET 304 https://registry.npmjs.org/component-emitter 49ms (from cache)
403 http fetch GET 304 https://registry.npmjs.org/pascalcase 49ms (from cache)
404 silly pacote range manifest for component-emitter@^1.2.1 fetched in 59ms
405 silly resolveWithNewModule component-emitter@1.3.0 checking installable status
406 silly pacote range manifest for pascalcase@^0.1.1 fetched in 59ms
407 silly resolveWithNewModule pascalcase@0.1.1 checking installable status
408 http fetch GET 304 https://registry.npmjs.org/class-utils 62ms (from cache)
409 http fetch GET 304 https://registry.npmjs.org/mixin-deep 61ms (from cache)
410 silly pacote range manifest for class-utils@^0.3.5 fetched in 65ms
411 silly resolveWithNewModule class-utils@0.3.6 checking installable status
412 silly pacote range manifest for mixin-deep@^1.2.0 fetched in 63ms
413 silly resolveWithNewModule mixin-deep@1.3.2 checking installable status
414 http fetch GET 304 https://registry.npmjs.org/to-object-path 53ms (from cache)
415 http fetch GET 304 https://registry.npmjs.org/has-value 55ms (from cache)
416 http fetch GET 304 https://registry.npmjs.org/union-value 54ms (from cache)
417 http fetch GET 304 https://registry.npmjs.org/get-value 56ms (from cache)
418 http fetch GET 304 https://registry.npmjs.org/collection-visit 59ms (from cache)
419 silly pacote range manifest for to-object-path@^0.3.0 fetched in 58ms
420 silly resolveWithNewModule to-object-path@0.3.0 checking installable status
421 silly pacote range manifest for has-value@^1.0.0 fetched in 60ms
422 silly resolveWithNewModule has-value@1.0.0 checking installable status
423 silly pacote range manifest for union-value@^1.0.0 fetched in 59ms
424 silly resolveWithNewModule union-value@1.0.1 checking installable status
425 http fetch GET 304 https://registry.npmjs.org/unset-value 79ms (from cache)
426 silly pacote range manifest for get-value@^2.0.6 fetched in 81ms
427 silly resolveWithNewModule get-value@2.0.6 checking installable status
428 http fetch GET 304 https://registry.npmjs.org/set-value 99ms (from cache)
429 silly pacote range manifest for collection-visit@^1.0.0 fetched in 101ms
430 silly resolveWithNewModule collection-visit@1.0.0 checking installable status
431 silly pacote range manifest for unset-value@^1.0.0 fetched in 102ms
432 silly resolveWithNewModule unset-value@1.0.0 checking installable status
433 silly pacote range manifest for set-value@^2.0.0 fetched in 105ms
434 silly resolveWithNewModule set-value@2.0.1 checking installable status
435 http fetch GET 304 https://registry.npmjs.org/object-visit 46ms (from cache)
436 http fetch GET 304 https://registry.npmjs.org/map-visit 48ms (from cache)
437 silly pacote range manifest for object-visit@^1.0.0 fetched in 48ms
438 silly resolveWithNewModule object-visit@1.0.1 checking installable status
439 silly pacote range manifest for map-visit@^1.0.0 fetched in 50ms
440 silly resolveWithNewModule map-visit@1.0.0 checking installable status
441 http fetch GET 304 https://registry.npmjs.org/has-values 24ms (from cache)
442 silly pacote range manifest for has-values@^1.0.0 fetched in 25ms
443 silly resolveWithNewModule has-values@1.0.0 checking installable status
444 silly pacote range manifest for kind-of@^4.0.0 fetched in 2ms
445 silly resolveWithNewModule kind-of@4.0.0 checking installable status
446 silly pacote range manifest for extend-shallow@^2.0.1 fetched in 4ms
447 silly resolveWithNewModule extend-shallow@2.0.1 checking installable status
448 http fetch GET 304 https://registry.npmjs.org/is-plain-object 46ms (from cache)
449 silly pacote range manifest for is-plain-object@^2.0.3 fetched in 48ms
450 silly resolveWithNewModule is-plain-object@2.0.4 checking installable status
451 silly pacote range manifest for is-extendable@^1.0.1 fetched in 3ms
452 silly resolveWithNewModule is-extendable@1.0.1 checking installable status
453 http fetch GET 304 https://registry.npmjs.org/assign-symbols 29ms (from cache)
454 silly pacote range manifest for assign-symbols@^1.0.0 fetched in 31ms
455 silly resolveWithNewModule assign-symbols@1.0.0 checking installable status
456 silly pacote range manifest for kind-of@^3.0.2 fetched in 2ms
457 silly resolveWithNewModule kind-of@3.2.2 checking installable status
458 http fetch GET 200 https://registry.npmjs.org/arr-union 2ms (from cache)
459 silly pacote range manifest for arr-union@^3.1.0 fetched in 3ms
460 silly resolveWithNewModule arr-union@3.1.0 checking installable status
461 silly pacote range manifest for has-value@^0.3.1 fetched in 1ms
462 silly resolveWithNewModule has-value@0.3.1 checking installable status
463 silly pacote range manifest for has-values@^0.1.4 fetched in 2ms
464 silly resolveWithNewModule has-values@0.1.4 checking installable status
465 silly pacote range manifest for isobject@^2.0.0 fetched in 3ms
466 silly resolveWithNewModule isobject@2.1.0 checking installable status
467 http fetch GET 200 https://registry.npmjs.org/isarray 23ms
468 http fetch GET 200 https://registry.npmjs.org/isarray/-/isarray-1.0.0.tgz 25ms
469 silly pacote version manifest for isarray@1.0.0 fetched in 52ms
470 silly resolveWithNewModule isarray@1.0.0 checking installable status
471 silly pacote range manifest for define-property@^0.2.5 fetched in 2ms
472 silly resolveWithNewModule define-property@0.2.5 checking installable status
473 http fetch GET 304 https://registry.npmjs.org/static-extend 31ms (from cache)
474 silly pacote range manifest for static-extend@^0.1.1 fetched in 32ms
475 silly resolveWithNewModule static-extend@0.1.2 checking installable status
476 http fetch GET 304 https://registry.npmjs.org/is-descriptor 26ms (from cache)
477 silly pacote range manifest for is-descriptor@^0.1.0 fetched in 27ms
478 silly resolveWithNewModule is-descriptor@0.1.6 checking installable status
479 silly pacote range manifest for kind-of@^5.0.0 fetched in 2ms
480 silly resolveWithNewModule kind-of@5.1.0 checking installable status
481 http fetch GET 304 https://registry.npmjs.org/is-accessor-descriptor 27ms (from cache)
482 silly pacote range manifest for is-accessor-descriptor@^0.1.6 fetched in 29ms
483 silly resolveWithNewModule is-accessor-descriptor@0.1.6 checking installable status
484 http fetch GET 304 https://registry.npmjs.org/is-data-descriptor 37ms (from cache)
485 silly pacote range manifest for is-data-descriptor@^0.1.4 fetched in 38ms
486 silly resolveWithNewModule is-data-descriptor@0.1.4 checking installable status
487 silly pacote range manifest for kind-of@^3.0.2 fetched in 1ms
488 silly resolveWithNewModule kind-of@3.2.2 checking installable status
489 silly pacote range manifest for kind-of@^3.0.2 fetched in 1ms
490 silly resolveWithNewModule kind-of@3.2.2 checking installable status
491 silly pacote range manifest for define-property@^0.2.5 fetched in 1ms
492 silly resolveWithNewModule define-property@0.2.5 checking installable status
493 http fetch GET 304 https://registry.npmjs.org/object-copy 21ms (from cache)
494 silly pacote range manifest for object-copy@^0.1.0 fetched in 23ms
495 silly resolveWithNewModule object-copy@0.1.0 checking installable status
496 silly pacote range manifest for define-property@^0.2.5 fetched in 4ms
497 silly resolveWithNewModule define-property@0.2.5 checking installable status
498 silly pacote range manifest for kind-of@^3.0.3 fetched in 4ms
499 silly resolveWithNewModule kind-of@3.2.2 checking installable status
500 http fetch GET 304 https://registry.npmjs.org/copy-descriptor 29ms (from cache)
501 silly pacote range manifest for copy-descriptor@^0.1.0 fetched in 31ms
502 silly resolveWithNewModule copy-descriptor@0.1.1 checking installable status
503 silly pacote range manifest for is-descriptor@^1.0.0 fetched in 1ms
504 silly resolveWithNewModule is-descriptor@1.0.2 checking installable status
505 silly pacote range manifest for is-accessor-descriptor@^1.0.0 fetched in 1ms
506 silly resolveWithNewModule is-accessor-descriptor@1.0.0 checking installable status
507 silly pacote range manifest for is-data-descriptor@^1.0.0 fetched in 2ms
508 silly resolveWithNewModule is-data-descriptor@1.0.0 checking installable status
509 silly pacote range manifest for is-extendable@^1.0.1 fetched in 3ms
510 silly resolveWithNewModule is-extendable@1.0.1 checking installable status
511 http fetch GET 304 https://registry.npmjs.org/for-in 41ms (from cache)
512 silly pacote range manifest for for-in@^1.0.2 fetched in 42ms
513 silly resolveWithNewModule for-in@1.0.2 checking installable status
514 http fetch GET 304 https://registry.npmjs.org/ms 30ms (from cache)
515 silly pacote version manifest for ms@2.0.0 fetched in 31ms
516 silly resolveWithNewModule ms@2.0.0 checking installable status
517 http fetch GET 304 https://registry.npmjs.org/decode-uri-component 42ms (from cache)
518 http fetch GET 304 https://registry.npmjs.org/resolve-url 41ms (from cache)
519 silly pacote range manifest for decode-uri-component@^0.2.0 fetched in 45ms
520 silly resolveWithNewModule decode-uri-component@0.2.0 checking installable status
521 silly pacote range manifest for resolve-url@^0.2.1 fetched in 46ms
522 warn deprecated resolve-url@0.2.1: https://github.com/lydell/resolve-url#deprecated
523 silly resolveWithNewModule resolve-url@0.2.1 checking installable status
524 http fetch GET 304 https://registry.npmjs.org/source-map-url 46ms (from cache)
525 http fetch GET 304 https://registry.npmjs.org/atob 50ms (from cache)
526 silly pacote range manifest for source-map-url@^0.4.0 fetched in 48ms
527 silly resolveWithNewModule source-map-url@0.4.0 checking installable status
528 http fetch GET 304 https://registry.npmjs.org/urix 49ms (from cache)
529 silly pacote range manifest for atob@^2.1.2 fetched in 53ms
530 silly resolveWithNewModule atob@2.1.2 checking installable status
531 silly pacote range manifest for urix@^0.1.0 fetched in 51ms
532 warn deprecated urix@0.1.0: Please see https://github.com/lydell/urix#deprecated
533 silly resolveWithNewModule urix@0.1.0 checking installable status
534 silly pacote range manifest for define-property@^1.0.0 fetched in 1ms
535 silly resolveWithNewModule define-property@1.0.0 checking installable status
536 http fetch GET 304 https://registry.npmjs.org/snapdragon-util 24ms (from cache)
537 silly pacote range manifest for snapdragon-util@^3.0.1 fetched in 25ms
538 silly resolveWithNewModule snapdragon-util@3.0.1 checking installable status
539 silly pacote range manifest for is-descriptor@^1.0.0 fetched in 1ms
540 silly resolveWithNewModule is-descriptor@1.0.2 checking installable status
541 silly pacote range manifest for is-accessor-descriptor@^1.0.0 fetched in 1ms
542 silly resolveWithNewModule is-accessor-descriptor@1.0.0 checking installable status
543 silly pacote range manifest for is-data-descriptor@^1.0.0 fetched in 2ms
544 silly resolveWithNewModule is-data-descriptor@1.0.0 checking installable status
545 silly pacote range manifest for kind-of@^3.2.0 fetched in 1ms
546 silly resolveWithNewModule kind-of@3.2.2 checking installable status
547 http fetch GET 304 https://registry.npmjs.org/safe-regex 27ms (from cache)
548 silly pacote range manifest for safe-regex@^1.1.0 fetched in 29ms
549 silly resolveWithNewModule safe-regex@1.1.0 checking installable status
550 silly pacote range manifest for is-descriptor@^1.0.2 fetched in 3ms
551 silly resolveWithNewModule is-descriptor@1.0.2 checking installable status
552 silly pacote range manifest for is-accessor-descriptor@^1.0.0 fetched in 6ms
553 silly resolveWithNewModule is-accessor-descriptor@1.0.0 checking installable status
554 silly pacote range manifest for is-data-descriptor@^1.0.0 fetched in 7ms
555 silly resolveWithNewModule is-data-descriptor@1.0.0 checking installable status
556 http fetch GET 304 https://registry.npmjs.org/ret 23ms (from cache)
557 silly pacote range manifest for ret@~0.1.10 fetched in 25ms
558 silly resolveWithNewModule ret@0.1.15 checking installable status
559 silly pacote range manifest for define-property@^1.0.0 fetched in 2ms
560 silly resolveWithNewModule define-property@1.0.0 checking installable status
561 silly pacote range manifest for extend-shallow@^2.0.1 fetched in 2ms
562 silly resolveWithNewModule extend-shallow@2.0.1 checking installable status
563 http fetch GET 304 https://registry.npmjs.org/expand-brackets 30ms (from cache)
564 silly pacote range manifest for expand-brackets@^2.1.4 fetched in 34ms
565 silly resolveWithNewModule expand-brackets@2.1.4 checking installable status
566 silly pacote range manifest for is-descriptor@^1.0.0 fetched in 1ms
567 silly resolveWithNewModule is-descriptor@1.0.2 checking installable status
568 silly pacote range manifest for is-accessor-descriptor@^1.0.0 fetched in 1ms
569 silly resolveWithNewModule is-accessor-descriptor@1.0.0 checking installable status
570 silly pacote range manifest for is-data-descriptor@^1.0.0 fetched in 2ms
571 silly resolveWithNewModule is-data-descriptor@1.0.0 checking installable status
572 silly pacote range manifest for define-property@^0.2.5 fetched in 10ms
573 silly resolveWithNewModule define-property@0.2.5 checking installable status
574 silly pacote range manifest for extend-shallow@^2.0.1 fetched in 11ms
575 silly resolveWithNewModule extend-shallow@2.0.1 checking installable status
576 http fetch GET 304 https://registry.npmjs.org/posix-character-classes 43ms (from cache)
577 silly pacote range manifest for posix-character-classes@^0.1.0 fetched in 44ms
578 silly resolveWithNewModule posix-character-classes@0.1.1 checking installable status
579 http fetch GET 304 https://registry.npmjs.org/is-windows 33ms (from cache)
580 silly pacote range manifest for is-windows@^1.0.2 fetched in 35ms
581 silly resolveWithNewModule is-windows@1.0.2 checking installable status
582 http fetch GET 304 https://registry.npmjs.org/remove-trailing-separator 25ms (from cache)
583 silly pacote range manifest for remove-trailing-separator@^1.0.1 fetched in 26ms
584 silly resolveWithNewModule remove-trailing-separator@1.1.0 checking installable status
585 silly pacote range manifest for is-glob@^3.1.0 fetched in 2ms
586 silly resolveWithNewModule is-glob@3.1.0 checking installable status
587 http fetch GET 304 https://registry.npmjs.org/path-dirname 39ms (from cache)
588 silly pacote range manifest for path-dirname@^1.0.0 fetched in 40ms
589 silly resolveWithNewModule path-dirname@1.0.2 checking installable status
590 http fetch GET 200 https://registry.npmjs.org/is-extglob 25ms
591 http fetch GET 200 https://registry.npmjs.org/is-extglob/-/is-extglob-2.1.1.tgz 23ms
592 silly pacote range manifest for is-extglob@^2.1.0 fetched in 58ms
593 silly resolveWithNewModule is-extglob@2.1.1 checking installable status
594 http fetch GET 304 https://registry.npmjs.org/binary-extensions 25ms (from cache)
595 silly pacote range manifest for binary-extensions@^1.0.0 fetched in 26ms
596 silly resolveWithNewModule binary-extensions@1.13.1 checking installable status
597 http fetch GET 200 https://registry.npmjs.org/readable-stream 31ms
598 http fetch GET 304 https://registry.npmjs.org/graceful-fs 36ms (from cache)
599 silly pacote range manifest for graceful-fs@^4.1.11 fetched in 40ms
600 silly resolveWithNewModule graceful-fs@4.2.4 checking installable status
601 http fetch GET 200 https://registry.npmjs.org/readable-stream/-/readable-stream-2.3.7.tgz 30ms
602 silly pacote range manifest for readable-stream@^2.0.2 fetched in 66ms
603 silly resolveWithNewModule readable-stream@2.3.7 checking installable status
604 http fetch GET 200 https://registry.npmjs.org/process-nextick-args 34ms
605 http fetch GET 200 https://registry.npmjs.org/safe-buffer 33ms
606 http fetch GET 200 https://registry.npmjs.org/string_decoder 37ms
607 http fetch GET 200 https://registry.npmjs.org/util-deprecate 39ms
608 http fetch GET 200 https://registry.npmjs.org/core-util-is 41ms
609 http fetch GET 200 https://registry.npmjs.org/safe-buffer/-/safe-buffer-5.1.2.tgz 40ms
610 http fetch GET 200 https://registry.npmjs.org/string_decoder/-/string_decoder-1.1.1.tgz 37ms
611 http fetch GET 200 https://registry.npmjs.org/process-nextick-args/-/process-nextick-args-2.0.1.tgz 42ms
612 http fetch GET 200 https://registry.npmjs.org/core-util-is/-/core-util-is-1.0.2.tgz 31ms
613 http fetch GET 200 https://registry.npmjs.org/util-deprecate/-/util-deprecate-1.0.2.tgz 39ms
614 silly pacote range manifest for safe-buffer@~5.1.1 fetched in 84ms
615 silly resolveWithNewModule safe-buffer@5.1.2 checking installable status
616 silly pacote range manifest for string_decoder@~1.1.1 fetched in 84ms
617 silly resolveWithNewModule string_decoder@1.1.1 checking installable status
618 silly pacote range manifest for process-nextick-args@~2.0.0 fetched in 86ms
619 silly resolveWithNewModule process-nextick-args@2.0.1 checking installable status
620 silly pacote range manifest for core-util-is@~1.0.0 fetched in 86ms
621 silly resolveWithNewModule core-util-is@1.0.2 checking installable status
622 silly pacote range manifest for util-deprecate@~1.0.1 fetched in 86ms
623 silly resolveWithNewModule util-deprecate@1.0.2 checking installable status
624 http fetch GET 304 https://registry.npmjs.org/event-stream 40ms (from cache)
625 silly pacote version manifest for event-stream@=3.3.4 fetched in 43ms
626 silly resolveWithNewModule event-stream@3.3.4 checking installable status
627 http fetch GET 200 https://registry.npmjs.org/through 44ms
628 http fetch GET 304 https://registry.npmjs.org/duplexer 51ms (from cache)
629 http fetch GET 304 https://registry.npmjs.org/map-stream 51ms (from cache)
630 http fetch GET 304 https://registry.npmjs.org/pause-stream 52ms (from cache)
631 silly pacote range manifest for duplexer@~0.1.1 fetched in 55ms
632 silly resolveWithNewModule duplexer@0.1.2 checking installable status
633 silly pacote range manifest for map-stream@~0.1.0 fetched in 55ms
634 silly resolveWithNewModule map-stream@0.1.0 checking installable status
635 http fetch GET 304 https://registry.npmjs.org/stream-combiner 55ms (from cache)
636 http fetch GET 304 https://registry.npmjs.org/from 56ms (from cache)
637 silly pacote version manifest for pause-stream@0.0.11 fetched in 57ms
638 silly resolveWithNewModule pause-stream@0.0.11 checking installable status
639 http fetch GET 304 https://registry.npmjs.org/split 57ms (from cache)
640 silly pacote range manifest for stream-combiner@~0.0.4 fetched in 58ms
641 silly resolveWithNewModule stream-combiner@0.0.4 checking installable status
642 silly pacote range manifest for from@~0 fetched in 60ms
643 silly resolveWithNewModule from@0.1.7 checking installable status
644 silly pacote range manifest for split@0.3 fetched in 59ms
645 silly resolveWithNewModule split@0.3.3 checking installable status
646 http fetch GET 200 https://registry.npmjs.org/through/-/through-2.3.8.tgz 21ms
647 silly pacote range manifest for through@~2.3.1 fetched in 69ms
648 silly resolveWithNewModule through@2.3.8 checking installable status
649 silly pacote range manifest for async@~0.9.0 fetched in 2ms
650 silly resolveWithNewModule async@0.9.2 checking installable status
651 silly pacote range manifest for deep-equal@~0.2.1 fetched in 3ms
652 silly resolveWithNewModule deep-equal@0.2.2 checking installable status
653 silly pacote range manifest for ncp@1.0.x fetched in 4ms
654 silly resolveWithNewModule ncp@1.0.1 checking installable status
655 http fetch GET 304 https://registry.npmjs.org/secure-keys 23ms (from cache)
656 silly pacote range manifest for secure-keys@^1.0.0 fetched in 24ms
657 silly resolveWithNewModule secure-keys@1.0.0 checking installable status
658 http fetch GET 304 https://registry.npmjs.org/cliui 59ms (from cache)
659 http fetch GET 304 https://registry.npmjs.org/camelcase 61ms (from cache)
660 silly pacote range manifest for cliui@^3.0.3 fetched in 62ms
661 silly resolveWithNewModule cliui@3.2.0 checking installable status
662 http fetch GET 304 https://registry.npmjs.org/os-locale 63ms (from cache)
663 http fetch GET 304 https://registry.npmjs.org/window-size 64ms (from cache)
664 http fetch GET 304 https://registry.npmjs.org/string-width 68ms (from cache)
665 silly pacote range manifest for camelcase@^2.0.1 fetched in 71ms
666 silly resolveWithNewModule camelcase@2.1.1 checking installable status
667 http fetch GET 304 https://registry.npmjs.org/decamelize 72ms (from cache)
668 silly pacote range manifest for os-locale@^1.4.0 fetched in 73ms
669 silly resolveWithNewModule os-locale@1.4.0 checking installable status
670 http fetch GET 304 https://registry.npmjs.org/y18n 73ms (from cache)
671 silly pacote range manifest for window-size@^0.1.4 fetched in 74ms
672 silly resolveWithNewModule window-size@0.1.4 checking installable status
673 silly pacote range manifest for string-width@^1.0.1 fetched in 75ms
674 silly resolveWithNewModule string-width@1.0.2 checking installable status
675 silly pacote range manifest for decamelize@^1.1.1 fetched in 76ms
676 silly resolveWithNewModule decamelize@1.2.0 checking installable status
677 silly pacote range manifest for y18n@^3.2.0 fetched in 76ms
678 silly resolveWithNewModule y18n@3.2.1 checking installable status
679 http fetch GET 304 https://registry.npmjs.org/strip-ansi 28ms (from cache)
680 silly pacote range manifest for strip-ansi@^3.0.1 fetched in 31ms
681 silly resolveWithNewModule strip-ansi@3.0.1 checking installable status
682 http fetch GET 304 https://registry.npmjs.org/wrap-ansi 32ms (from cache)
683 silly pacote range manifest for wrap-ansi@^2.0.0 fetched in 46ms
684 silly resolveWithNewModule wrap-ansi@2.1.0 checking installable status
685 http fetch GET 304 https://registry.npmjs.org/is-fullwidth-code-point 29ms (from cache)
686 silly pacote range manifest for is-fullwidth-code-point@^1.0.0 fetched in 31ms
687 silly resolveWithNewModule is-fullwidth-code-point@1.0.0 checking installable status
688 http fetch GET 304 https://registry.npmjs.org/code-point-at 35ms (from cache)
689 silly pacote range manifest for code-point-at@^1.0.0 fetched in 35ms
690 silly resolveWithNewModule code-point-at@1.1.0 checking installable status
691 http fetch GET 304 https://registry.npmjs.org/number-is-nan 27ms (from cache)
692 silly pacote range manifest for number-is-nan@^1.0.0 fetched in 28ms
693 silly resolveWithNewModule number-is-nan@1.0.1 checking installable status
694 http fetch GET 304 https://registry.npmjs.org/ansi-regex 27ms (from cache)
695 silly pacote range manifest for ansi-regex@^2.0.0 fetched in 31ms
696 silly resolveWithNewModule ansi-regex@2.1.1 checking installable status
697 http fetch GET 304 https://registry.npmjs.org/lcid 23ms (from cache)
698 silly pacote range manifest for lcid@^1.0.0 fetched in 25ms
699 silly resolveWithNewModule lcid@1.0.0 checking installable status
700 http fetch GET 304 https://registry.npmjs.org/invert-kv 25ms (from cache)
701 silly pacote range manifest for invert-kv@^1.0.0 fetched in 27ms
702 silly resolveWithNewModule invert-kv@1.0.0 checking installable status
703 http fetch GET 304 https://registry.npmjs.org/lazy 23ms (from cache)
704 silly pacote range manifest for lazy@~1.0.11 fetched in 26ms
705 silly resolveWithNewModule lazy@1.0.11 checking installable status
706 silly pacote range manifest for colors@^1.1.2 fetched in 1ms
707 silly resolveWithNewModule colors@1.4.0 checking installable status
708 silly pacote range manifest for minimist@^1.2.0 fetched in 1ms
709 silly resolveWithNewModule minimist@1.2.5 checking installable status
710 http fetch GET 304 https://registry.npmjs.org/strip-json-comments 30ms (from cache)
711 silly pacote range manifest for strip-json-comments@~0.1.1 fetched in 32ms
712 silly resolveWithNewModule strip-json-comments@0.1.3 checking installable status
713 http fetch GET 304 https://registry.npmjs.org/caller 32ms (from cache)
714 silly pacote range manifest for caller@~0.0.1 fetched in 34ms
715 silly resolveWithNewModule caller@0.0.1 checking installable status
716 http fetch GET 304 https://registry.npmjs.org/tape 28ms (from cache)
717 silly pacote range manifest for tape@~2.3.2 fetched in 31ms
718 silly resolveWithNewModule tape@2.3.3 checking installable status
719 silly pacote range manifest for deep-equal@~0.1.0 fetched in 3ms
720 silly resolveWithNewModule deep-equal@0.1.2 checking installable status
721 http fetch GET 304 https://registry.npmjs.org/jsonify 34ms (from cache)
722 silly pacote range manifest for jsonify@~0.0.0 fetched in 35ms
723 silly resolveWithNewModule jsonify@0.0.0 checking installable status
724 http fetch GET 304 https://registry.npmjs.org/defined 35ms (from cache)
725 http fetch GET 304 https://registry.npmjs.org/resumer 36ms (from cache)
726 silly pacote range manifest for defined@~0.0.0 fetched in 37ms
727 silly resolveWithNewModule defined@0.0.0 checking installable status
728 silly pacote range manifest for resumer@~0.0.0 fetched in 37ms
729 silly resolveWithNewModule resumer@0.0.0 checking installable status
730 silly currentTree lib
731 silly idealTree lib
731 silly idealTree  forever@3.0.2
731 silly idealTree    ansi-regex@2.1.1
731 silly idealTree    anymatch@2.0.0
731 silly idealTree     normalize-path@2.1.1
731 silly idealTree    arr-diff@4.0.0
731 silly idealTree    arr-flatten@1.1.0
731 silly idealTree    arr-union@3.1.0
731 silly idealTree    array-unique@0.3.2
731 silly idealTree    assign-symbols@1.0.0
731 silly idealTree    async-each@1.0.3
731 silly idealTree    async@1.5.2
731 silly idealTree    atob@2.1.2
731 silly idealTree    balanced-match@1.0.0
731 silly idealTree    base@0.11.2
731 silly idealTree     define-property@1.0.0
731 silly idealTree     is-accessor-descriptor@1.0.0
731 silly idealTree     is-data-descriptor@1.0.0
731 silly idealTree     is-descriptor@1.0.2
731 silly idealTree    binary-extensions@1.13.1
731 silly idealTree    brace-expansion@1.1.11
731 silly idealTree    braces@2.3.2
731 silly idealTree     extend-shallow@2.0.1
731 silly idealTree    broadway@0.3.6
731 silly idealTree     async@0.2.10
731 silly idealTree     cliff@0.1.9
731 silly idealTree     nconf@0.6.9
731 silly idealTree      async@0.2.9
731 silly idealTree     utile@0.2.1
731 silly idealTree     winston@0.8.0
731 silly idealTree    cache-base@1.0.1
731 silly idealTree    caller@0.0.1
731 silly idealTree    camelcase@2.1.1
731 silly idealTree    chokidar@2.1.8
731 silly idealTree    class-utils@0.3.6
731 silly idealTree     define-property@0.2.5
731 silly idealTree    cliff@0.1.10
731 silly idealTree     colors@1.0.3
731 silly idealTree    cliui@3.2.0
731 silly idealTree    clone@2.1.2
731 silly idealTree    code-point-at@1.1.0
731 silly idealTree    collection-visit@1.0.0
731 silly idealTree    colors@0.6.2
731 silly idealTree    component-emitter@1.3.0
731 silly idealTree    concat-map@0.0.1
731 silly idealTree    copy-descriptor@0.1.1
731 silly idealTree    core-util-is@1.0.2
731 silly idealTree    cycle@1.0.3
731 silly idealTree    debug@2.6.9
731 silly idealTree    decamelize@1.2.0
731 silly idealTree    decode-uri-component@0.2.0
731 silly idealTree    deep-equal@1.1.1
731 silly idealTree    define-properties@1.1.3
731 silly idealTree    define-property@2.0.2
731 silly idealTree     is-accessor-descriptor@1.0.0
731 silly idealTree     is-data-descriptor@1.0.0
731 silly idealTree     is-descriptor@1.0.2
731 silly idealTree    defined@0.0.0
731 silly idealTree    director@1.2.7
731 silly idealTree    duplexer@0.1.2
731 silly idealTree    es-abstract@1.18.0-next.1
731 silly idealTree    es-to-primitive@1.2.1
731 silly idealTree    event-stream@3.3.4
731 silly idealTree    eventemitter2@0.4.14
731 silly idealTree    expand-brackets@2.1.4
731 silly idealTree     define-property@0.2.5
731 silly idealTree     extend-shallow@2.0.1
731 silly idealTree    extend-shallow@3.0.2
731 silly idealTree     is-extendable@1.0.1
731 silly idealTree    extglob@2.0.4
731 silly idealTree     define-property@1.0.0
731 silly idealTree     extend-shallow@2.0.1
731 silly idealTree     is-accessor-descriptor@1.0.0
731 silly idealTree     is-data-descriptor@1.0.0
731 silly idealTree     is-descriptor@1.0.2
731 silly idealTree    eyes@0.1.8
731 silly idealTree    fill-range@4.0.0
731 silly idealTree     extend-shallow@2.0.1
731 silly idealTree    flatiron@0.4.3
731 silly idealTree    for-in@1.0.2
731 silly idealTree    forever-monitor@3.0.1
731 silly idealTree    fragment-cache@0.2.1
731 silly idealTree    from@0.1.7
731 silly idealTree    fs.realpath@1.0.0
731 silly idealTree    fsevents@1.2.13
731 silly idealTree    function-bind@1.1.1
731 silly idealTree    get-value@2.0.6
731 silly idealTree    glob-parent@3.1.0
731 silly idealTree     is-glob@3.1.0
731 silly idealTree    glob@7.1.6
731 silly idealTree    graceful-fs@4.2.4
731 silly idealTree    has-symbols@1.0.1
731 silly idealTree    has-value@1.0.0
731 silly idealTree    has-values@1.0.0
731 silly idealTree     kind-of@4.0.0
731 silly idealTree    has@1.0.3
731 silly idealTree    i@0.3.6
731 silly idealTree    inflight@1.0.6
731 silly idealTree    inherits@2.0.4
731 silly idealTree    ini@1.3.5
731 silly idealTree    invert-kv@1.0.0
731 silly idealTree    is-accessor-descriptor@0.1.6
731 silly idealTree     kind-of@3.2.2
731 silly idealTree    is-arguments@1.0.4
731 silly idealTree    is-binary-path@1.0.1
731 silly idealTree    is-buffer@1.1.6
731 silly idealTree    is-callable@1.2.2
731 silly idealTree    is-data-descriptor@0.1.4
731 silly idealTree     kind-of@3.2.2
731 silly idealTree    is-date-object@1.0.2
731 silly idealTree    is-descriptor@0.1.6
731 silly idealTree     kind-of@5.1.0
731 silly idealTree    is-extendable@0.1.1
731 silly idealTree    is-extglob@2.1.1
731 silly idealTree    is-fullwidth-code-point@1.0.0
731 silly idealTree    is-glob@4.0.1
731 silly idealTree    is-negative-zero@2.0.0
731 silly idealTree    is-number@3.0.0
731 silly idealTree     kind-of@3.2.2
731 silly idealTree    is-plain-object@2.0.4
731 silly idealTree    is-regex@1.1.1
731 silly idealTree    is-symbol@1.0.3
731 silly idealTree    is-windows@1.0.2
731 silly idealTree    isarray@1.0.0
731 silly idealTree    isobject@3.0.1
731 silly idealTree    isstream@0.1.2
731 silly idealTree    jsonify@0.0.0
731 silly idealTree    kind-of@6.0.3
731 silly idealTree    lazy@1.0.11
731 silly idealTree    lcid@1.0.0
731 silly idealTree    map-cache@0.2.2
731 silly idealTree    map-stream@0.1.0
731 silly idealTree    map-visit@1.0.0
731 silly idealTree    micromatch@3.1.10
731 silly idealTree    minimatch@3.0.4
731 silly idealTree    minimist@0.0.10
731 silly idealTree    mixin-deep@1.3.2
731 silly idealTree     is-extendable@1.0.1
731 silly idealTree    mkdirp@0.5.5
731 silly idealTree     minimist@1.2.5
731 silly idealTree    ms@2.0.0
731 silly idealTree    mute-stream@0.0.8
731 silly idealTree    nanomatch@1.2.13
731 silly idealTree    nconf@0.10.0
731 silly idealTree    ncp@0.4.2
731 silly idealTree    normalize-path@3.0.0
731 silly idealTree    nssocket@0.6.0
731 silly idealTree    number-is-nan@1.0.1
731 silly idealTree    object-assign@4.1.1
731 silly idealTree    object-copy@0.1.0
731 silly idealTree     define-property@0.2.5
731 silly idealTree     kind-of@3.2.2
731 silly idealTree    object-inspect@1.8.0
731 silly idealTree    object-is@1.1.3
731 silly idealTree    object-keys@1.1.1
731 silly idealTree    object-visit@1.0.1
731 silly idealTree    object.assign@4.1.1
731 silly idealTree    object.pick@1.3.0
731 silly idealTree    once@1.4.0
731 silly idealTree    optimist@0.6.0
731 silly idealTree    os-locale@1.4.0
731 silly idealTree    pascalcase@0.1.1
731 silly idealTree    path-dirname@1.0.2
731 silly idealTree    path-is-absolute@1.0.1
731 silly idealTree    pause-stream@0.0.11
731 silly idealTree    pkginfo@0.3.1
731 silly idealTree    posix-character-classes@0.1.1
731 silly idealTree    prettyjson@1.2.1
731 silly idealTree     colors@1.4.0
731 silly idealTree     minimist@1.2.5
731 silly idealTree    process-nextick-args@2.0.1
731 silly idealTree    prompt@0.2.14
731 silly idealTree     async@0.2.10
731 silly idealTree     utile@0.2.1
731 silly idealTree    ps-tree@1.2.0
731 silly idealTree    read@1.0.7
731 silly idealTree    readable-stream@2.3.7
731 silly idealTree    readdirp@2.2.1
731 silly idealTree    regex-not@1.0.2
731 silly idealTree    regexp.prototype.flags@1.3.0
731 silly idealTree     es-abstract@1.17.7
731 silly idealTree    remove-trailing-separator@1.1.0
731 silly idealTree    repeat-element@1.1.3
731 silly idealTree    repeat-string@1.6.1
731 silly idealTree    resolve-url@0.2.1
731 silly idealTree    resumer@0.0.0
731 silly idealTree    ret@0.1.15
731 silly idealTree    revalidator@0.1.8
731 silly idealTree    rimraf@2.7.1
731 silly idealTree    safe-buffer@5.1.2
731 silly idealTree    safe-regex@1.1.0
731 silly idealTree    secure-keys@1.0.0
731 silly idealTree    set-value@2.0.1
731 silly idealTree     extend-shallow@2.0.1
731 silly idealTree    shush@1.0.0
731 silly idealTree    snapdragon-node@2.1.1
731 silly idealTree     define-property@1.0.0
731 silly idealTree     is-accessor-descriptor@1.0.0
731 silly idealTree     is-data-descriptor@1.0.0
731 silly idealTree     is-descriptor@1.0.2
731 silly idealTree    snapdragon-util@3.0.1
731 silly idealTree     kind-of@3.2.2
731 silly idealTree    snapdragon@0.8.2
731 silly idealTree     define-property@0.2.5
731 silly idealTree     extend-shallow@2.0.1
731 silly idealTree    source-map-resolve@0.5.3
731 silly idealTree    source-map-url@0.4.0
731 silly idealTree    source-map@0.5.7
731 silly idealTree    split-string@3.1.0
731 silly idealTree    split@0.3.3
731 silly idealTree    stack-trace@0.0.10
731 silly idealTree    static-extend@0.1.2
731 silly idealTree     define-property@0.2.5
731 silly idealTree    stream-combiner@0.0.4
731 silly idealTree    string_decoder@1.1.1
731 silly idealTree    string-width@1.0.2
731 silly idealTree    string.prototype.trimend@1.0.1
731 silly idealTree     es-abstract@1.17.7
731 silly idealTree    string.prototype.trimstart@1.0.1
731 silly idealTree     es-abstract@1.17.7
731 silly idealTree    strip-ansi@3.0.1
731 silly idealTree    strip-json-comments@0.1.3
731 silly idealTree    tape@2.3.3
731 silly idealTree     deep-equal@0.1.2
731 silly idealTree    through@2.3.8
731 silly idealTree    to-object-path@0.3.0
731 silly idealTree     kind-of@3.2.2
731 silly idealTree    to-regex-range@2.1.1
731 silly idealTree    to-regex@3.0.2
731 silly idealTree    union-value@1.0.1
731 silly idealTree    unset-value@1.0.0
731 silly idealTree     has-value@0.3.1
731 silly idealTree      isobject@2.1.0
731 silly idealTree     has-values@0.1.4
731 silly idealTree    upath@1.2.0
731 silly idealTree    urix@0.1.0
731 silly idealTree    use@3.1.1
731 silly idealTree    util-deprecate@1.0.2
731 silly idealTree    utile@0.3.0
731 silly idealTree     async@0.9.2
731 silly idealTree     deep-equal@0.2.2
731 silly idealTree     ncp@1.0.1
731 silly idealTree    window-size@0.1.4
731 silly idealTree    winston@0.8.3
731 silly idealTree     async@0.2.10
731 silly idealTree    wordwrap@0.0.3
731 silly idealTree    wrap-ansi@2.1.0
731 silly idealTree    wrappy@1.0.2
731 silly idealTree    y18n@3.2.1
731 silly idealTree    yargs@3.32.0
732 silly install generateActionsToTake
733 warn checkPermissions Missing write access to /usr/local/lib
734 warn optional SKIPPING OPTIONAL DEPENDENCY: fsevents@^1.2.7 (node_modules/forever/node_modules/chokidar/node_modules/fsevents):
735 warn notsup SKIPPING OPTIONAL DEPENDENCY: Unsupported platform for fsevents@1.2.13: wanted {"os":"darwin","arch":"any"} (current: {"os":"linux","arch":"x64"})
736 verbose notsup SKIPPING OPTIONAL DEPENDENCY: Valid OS:    darwin
736 verbose notsup SKIPPING OPTIONAL DEPENDENCY: Valid Arch:  any
736 verbose notsup SKIPPING OPTIONAL DEPENDENCY: Actual OS:   linux
736 verbose notsup SKIPPING OPTIONAL DEPENDENCY: Actual Arch: x64
737 verbose stack Error: EACCES: permission denied, access '/usr/local/lib'
738 verbose cwd /home/debian
739 verbose Linux 4.19.0-11-cloud-amd64
740 verbose argv "/usr/bin/node" "/usr/bin/npm" "install" "forever" "-g"
741 verbose node v10.21.0
742 verbose npm  v5.8.0
743 error path /usr/local/lib
744 error code EACCES
745 error errno -13
746 error syscall access
747 error Error: EACCES: permission denied, access '/usr/local/lib'
747 error  { [Error: EACCES: permission denied, access '/usr/local/lib']
747 error   stack:
747 error    'Error: EACCES: permission denied, access \'/usr/local/lib\'',
747 error   errno: -13,
747 error   code: 'EACCES',
747 error   syscall: 'access',
747 error   path: '/usr/local/lib' }
748 error The operation was rejected by your operating system.
748 error It is likely you do not have the permissions to access this file as the current user
748 error
748 error If you believe this might be a permissions issue, please double-check the
748 error permissions of the file and its containing directories, or try running
748 error the command again as root/Administrator (though this is not recommended).
749 verbose exit [ -13, true ]
